[    0.000000] Initializing cgroup subsys cpuset
[    0.000000] Initializing cgroup subsys cpu
[    0.000000] Initializing cgroup subsys cpuacct
[    0.000000] Linux version 4.4.0-159-generic (buildd@lgw01-amd64-042) (gcc version 5.4.0 20160609 (Ubuntu 5.4.0-6ubuntu1~16.04.10) ) #187-Ubuntu SMP Thu Aug 1 16:28:06 UTC 2019 (Ubuntu 4.4.0-159.187-generic 4.4.185)
[    0.000000] Command line: BOOT_IMAGE=/boot/vmlinuz-4.4.0-159-generic root=LABEL=cloudimg-rootfs ro console=tty1 console=ttyS0
[    0.000000] KERNEL supported cpus:
[    0.000000]   Intel GenuineIntel
[    0.000000]   AMD AuthenticAMD
[    0.000000]   Centaur CentaurHauls
[    0.000000] x86/fpu: Legacy x87 FPU detected.
[    0.000000] e820: BIOS-provided physical RAM map:
[    0.000000] BIOS-e820: [mem 0x0000000000000000-0x000000000009fbff] usable
[    0.000000] BIOS-e820: [mem 0x000000000009fc00-0x000000000009ffff] reserved
[    0.000000] BIOS-e820: [mem 0x00000000000f0000-0x00000000000fffff] reserved
[    0.000000] BIOS-e820: [mem 0x0000000000100000-0x000000002cfeffff] usable
[    0.000000] BIOS-e820: [mem 0x000000002cff0000-0x000000002cffffff] ACPI data
[    0.000000] BIOS-e820: [mem 0x00000000fec00000-0x00000000fec00fff] reserved
[    0.000000] BIOS-e820: [mem 0x00000000fee00000-0x00000000fee00fff] reserved
[    0.000000] BIOS-e820: [mem 0x00000000fffc0000-0x00000000ffffffff] reserved
[    0.000000] NX (Execute Disable) protection: active
[    0.000000] SMBIOS 2.5 present.
[    0.000000] Hypervisor detected: KVM
[    0.000000] e820: last_pfn = 0x2cff0 max_arch_pfn = 0x400000000
[    0.000000] MTRR: Disabled
[    0.000000] x86/PAT: MTRRs disabled, skipping PAT initialization too.
[    0.000000] CPU MTRRs all blank - virtualized system.
[    0.000000] x86/PAT: Configuration [0-7]: WB  WT  UC- UC  WB  WT  UC- UC  
[    0.000000] found SMP MP-table at [mem 0x0009fff0-0x0009ffff] mapped at [ffff88000009fff0]
[    0.000000] Scanning 1 areas for low memory corruption
[    0.000000] RAMDISK: [mem 0x2b961000-0x2c7dcfff]
[    0.000000] ACPI: Early table checksum verification disabled
[    0.000000] ACPI: RSDP 0x00000000000E0000 000024 (v02 VBOX  )
[    0.000000] ACPI: XSDT 0x000000002CFF0030 00003C (v01 VBOX   VBOXXSDT 00000001 ASL  00000061)
[    0.000000] ACPI: FACP 0x000000002CFF00F0 0000F4 (v04 VBOX   VBOXFACP 00000001 ASL  00000061)
[    0.000000] ACPI: DSDT 0x000000002CFF0470 0021FF (v02 VBOX   VBOXBIOS 00000002 INTL 20180105)
[    0.000000] ACPI: FACS 0x000000002CFF0200 000040
[    0.000000] ACPI: FACS 0x000000002CFF0200 000040
[    0.000000] ACPI: APIC 0x000000002CFF0240 000054 (v02 VBOX   VBOXAPIC 00000001 ASL  00000061)
[    0.000000] ACPI: SSDT 0x000000002CFF02A0 0001CC (v01 VBOX   VBOXCPUT 00000002 INTL 20180105)
[    0.000000] No NUMA configuration found
[    0.000000] Faking a node at [mem 0x0000000000000000-0x000000002cfeffff]
[    0.000000] NODE_DATA(0) allocated [mem 0x2cfeb000-0x2cfeffff]
[    0.000000] kvm-clock: Using msrs 4b564d01 and 4b564d00
[    0.000000] kvm-clock: cpu 0, msr 0:2cfe3001, primary cpu clock
[    0.000000] kvm-clock: using sched offset of 7556287283 cycles
[    0.000000] clocksource: kvm-clock: mask: 0xffffffffffffffff max_cycles: 0x1cd42e4dffb, max_idle_ns: 881590591483 ns
[    0.000000] Zone ranges:
[    0.000000]   DMA      [mem 0x0000000000001000-0x0000000000ffffff]
[    0.000000]   DMA32    [mem 0x0000000001000000-0x000000002cfeffff]
[    0.000000]   Normal   empty
[    0.000000]   Device   empty
[    0.000000] Movable zone start for each node
[    0.000000] Early memory node ranges
[    0.000000]   node   0: [mem 0x0000000000001000-0x000000000009efff]
[    0.000000]   node   0: [mem 0x0000000000100000-0x000000002cfeffff]
[    0.000000] Initmem setup node 0 [mem 0x0000000000001000-0x000000002cfeffff]
[    0.000000] ACPI: PM-Timer IO Port: 0x4008
[    0.000000] IOAPIC[0]: apic_id 1, version 32, address 0xfec00000, GSI 0-23
[    0.000000] ACPI: INT_SRC_OVR (bus 0 bus_irq 0 global_irq 2 dfl dfl)
[    0.000000] ACPI: INT_SRC_OVR (bus 0 bus_irq 9 global_irq 9 low level)
[    0.000000] Using ACPI (MADT) forSSMP configuration information
[    0.000000] smpboot: Allowing 1 CPUs, 0 hotplug CPUs
[    0.000000] PM: Registered nosave memory: [mem 0x00000000-0x00000fff]
[    0.000000] PM: Registered nosave memory: [mem 0x0009f000-0x0009ffff]
[    0.000000] PM: Registered nosave memory: [mem 0x000a0000-0x000effff]
[    0.000000] PM: Registered nosave memory: [mem 0x000f0000-0x000fffff]
[    0.000000] e820: [mem 0x2d000000-0xfebfffff] available for PCI devices
[    0.000000] Booting paravirtualized kernel on KVM
[    0.000000] clocksource: refined-jiffies: mask: 0xffffffff max_cycles: 0xffffffff, max_idle_ns: 7645519600211568 ns
[    0.000000] setup_percpu: NR_CPUS:512 nr_cpumask_bits:512 nr_cpu_ids:1 nr_node_ids:1
[    0.000000] PERCPU: Embedded 34 pages/cpu @ffff88002cc00000 s99544 r8192 d31528 u2097152
[    0.000000] Built 1 zonelists in Node order, mobility grouping on.  Total pages: 181304
[    0.000000] Policy zone: DMA32
[    0.000000] Kernel command line: BOOT_IMAGE=/boot/vmlinuz-4.4.0-159-generic root=LABEL=cloudimg-rootfs ro console=tty1 console=ttyS0
[    0.000000] PID hash table entries: 4096 (order: 3, 32768 bytes)
[    0.000000] Memory: 690660K/736824K available (8618K kernel code, 1335K rwdata, 4032K rodata, 1488K init, 1284K bss, 46164K reserved, 0K cma-reserved)
[    0.000000] SLUB: HWalign=64, Order=0-3, MinObjects=0, CPUs=1, Nodes=1
[    0.000000] Kernel/User page tables isolation: enabled
[    0.000000] Hierarchical RCU implementation.
[    0.000000] 	Build-time adjustment of leaf fanout to 64.
[    0.000000] 	RCU restricting CPUs from NR_CPUS=512 to nr_cpu_ids=1.
[    0.000000] RCU: Adjusting geometry for rcu_fanout_leaf=64, nr_cpu_ids=1
[    0.000000] NR_IRQS:33024 nr_irqs:256 16
[    0.000000] Console: colour VGA+ 80x25
[    0.000000] console [tty1] enabled
[    0.000000] console [ttyS0] enabled
[    0.000000] tsc: Detected 2992.498 MHz processor
[    1.242613] Calibrating delay loop (skipped) preset value.. 5984.99 BogoMIPS (lpj=11969992)
[    1.265467] pid_max: default: 32768 minimum: 301
[    1.267713] ACPI: Core revision 20150930
[    1.270937] ACPI: 2 ACPI AML tables successfully acquired and loaded
[    1.274116] Security Framework initialized
[    1.276179] Yama: becoming mindful.
[    1.278436] AppArmor: AppArmor initialized
[    1.354442] Dentry cache hash table entries: 131072 (order: 8, 1048576 bytes)
[    1.356952] Inode-cache hash table entries: 65536 (order: 7, 524288 bytes)
[    1.359251] Mount-cache hash table entries: 2048 (order: 2, 16384 bytes)
[    1.361475] Mountpoint-cache hash table entries: 2048 (order: 2, 16384 bytes)
[    1.364084] Initializing cgroup subsys io
[    1.365521] Initializing cgroup subsys memory
[    1.367082] Initializing cgroup subsys devices
[    1.368628] Initializing cgroup subsys freezer
[    1.370221] Initializing cgroup subsys net_cls
[    1.422540] Initializing cgroup subsys perf_event
[    1.444572] Initializing cgroup subsys net_prio
[    1.446128] Initializing cgroup subsys hugetlb
[    1.447696] Initializing cgroup subsys pids
[    1.449283] mce: CPU supports 0 MCE banks
[    1.450789] process: using mwait in idle threads
[    1.452372] Last level iTLB entries: 4KB 128, 2MB 4, 4MB 4
[    1.524905] Last level dTLB entries: 4KB 256, 2MB 0, 4MB 32, 1GB 0
[    1.526821] Spectre V1 : Mitigation: usercopy/swapgs barriers and __user pointer sanitization
[    1.545939] Spectre V2 : Mitigation: Full generic retpoline
[    1.547764] Spectre V2 : Spectre v2 / SpectreRSB mitigation: Filling RSB on context switch
[    1.550639] Speculative Store Bypass: Vulnerable
[    1.553013] MDS: Vulnerable: Clear CPU buffers attempted, no microcode
[    2.256627] Freeing SMP alternatives memory: 36K
[    2.302285] ftrace: allocating 32318 entries in 127 pages
[    2.470132] smpboot: APIC(0) Converting physical 0 to logical package 0
[    2.475206] smpboot: Max logical packages: 1
[    2.477411] x2apic enabled
[    2.479144] Switched APIC routing to physical x2apic.
[    2.483135] ..TIMER: vector=0x30 apic1=0 pin1=2 apic2=-1 pin2=-1
[    2.573039] APIC calibration not consistent with PM-Timer: 200ms instead of 100ms
[    2.575710] APIC delta adjusted to PM-Timer: 6249950 (12500635)
[    2.594625] smpboot: CPU0: Intel(R) Core(TM)2 Duo CPU     E8400  @ 3.00GHz (family: 0x6, model: 0x17, stepping: 0xa)
[    2.598332] Performance Events: unsupported p6 CPU model 23 no PMU driver, software events only.
[    2.796302] KVM setup paravirtual spinlock
[    2.799255] x86: Booted up 1 node, 1 CPUs
[    2.814468] smpboot: Total of 1 processors activated (5984.99 BogoMIPS)
[    2.817015] devtmpfs: initialized
[    2.820698] evm: security.selinux
[    2.874438] evm: security.SMACK64
[    2.875722] evm: security.SMACK64EXEC
[    2.877192] evm: security.SMACK64TRANSMUTE
[    2.974886] evm: security.SMACK64MMAP
[    2.976240] evm: security.ima
[    2.977880] evm: security.capability
[    2.979434] clocksource: jiffies: mask: 0xffffffff max_cycles: 0xffffffff, max_idle_ns: 7645041785100000 ns
[    2.982670] futex hash table entries: 256 (order: 2, 16384 bytes)
[    2.998883] pinctrl core: initialized pinctrl subsystem
[    3.000790] RTC time: 16:35:36, date: 08/23/19
[    3.002616] NET: Registered protocol family 16
[    3.004459] cpuidle: using governor ladder
[    3.005950] cpuidle: using governor menu
[    3.007368] PCCT header not found.
[    3.008723] ACPI: bus type PCI registered
[    3.010152] acpiphp: ACPI Hot Plug PCI Controller Driver version: 0.5
[    3.079777] PCI: Using configuration type 1 for base access
[    3.083156] ACPI: Added _OSI(Module Device)
[    3.084657] ACPI: Added _OSI(Processor Device)
[    3.086194] ACPI: Added _OSI(3.0 _SCP Extensions)
[    3.087784] ACPI: Added _OSI(Processor Aggregator Device)
[    3.090289] ACPI: Executed 1 blocks of module-level executable AML code
[    3.095314] ACPI: Interpreter enabled
[    3.096688] ACPI: (supports S0 S5)
[    3.098000] ACPI: Using IOAPIC for interrupt routing
[    3.099873] PCI: Using host bridge windows from ACPI; if necessary, use "pci=nocrs" and report a bug
[    3.107460] ACPI: PCI Root Bridge [PCI0] (domain 0000 [bus 00-ff])
[    3.109403] acpi PNP0A03:00: _OSC: OS supports [ASPM ClockPM Segments MSI]
[    3.183121] acpi PNP0A03:00: _OSC: not requesting OS control; OS requires [ExtendedConfig ASPM ClockPM MSI]
[    3.186325] acpi PNP0A03:00: fail to add MMCONFIG information, can't access extended PCI configuration space under this bridge.
[    3.190355] PCI host bridge to bus 0000:00
[    3.191817] pci_bus 0000:00: root bus resource [io  0x0000-0x0cf7 window]
[    3.194283] pci_bus 0000:00: root bus resource [io  0x0d00-0xffff window]
[    3.196367] pci_bus 0000:00: root bus resource [mem 0x000a0000-0x000bffff window]
[    3.199054] pci_bus 0000:00: root bus resource [mem 0x2d000000-0xfdffffff window]
[    3.201743] pci_bus 0000:00: root bus resource [bus 00-ff]
[    3.205912] pci 0000:00:01.1: legacy IDE quirk: reg 0x10: [io  0x01f0-0x01f7]
[    3.208049] pci 0000:00:01.1: legacy IDE quirk: reg 0x14: [io  0x03f6]
[    3.210468] pci 0000:00:01.1: legacy IDE quirk: reg 0x18: [io  0x0170-0x0177]
[    3.212614] pci 0000:00:01.1: legacy IDE quirk: reg 0x1c: [io  0x0376]
[    3.287510] pci 0000:00:07.0: quirk: [io  0x4000-0x403f] claimed by PIIX4 ACPI
[    3.329533] pci 0000:00:07.0: quirk: [io  0x4100-0x410f] claimed by PIIX4 SMB
[    3.390270] ACPI: PCI Interrupt Link [LNKA] (IRQs 5 9 10 *11)
[    3.493720] ACPI: PCI Interrupt Link [LNKB] (IRQs 5 9 *10 11)
[    3.497850] ACPI: PCI Interrupt Link [LNKC] (IRQs 5 *9 10 11)
[    3.502044] ACPI: PCI Interrupt Link [LNKD] (IRQs 5 9 10 *11)
[    3.504716] ACPI: Enabled 2 GPEs in block 00 to 07
[    3.507374] vgaarb: setting as boot device: PCI:0000:00:02.0
[    3.509196] vgaarb: device added: PCI:0000:00:02.0,decodes=io+mem,owns=io+mem,locks=none
[    3.517679] vgaarb: loaded
[    3.518823] vgaarb: bridge control possible 0000:00:02.0
[    3.521226] SCSI subsystem initialized
[    3.523009] ACPI: bus type USB registered
[    3.536159] usbcore: registered new interface driver usbfs
[    3.606439] usbcore: registered new interface driver hub
[    3.608242] usbcore: registered new device driver usb
[    3.610719] PCI: Using ACPI for IRQ routing
[    3.612946] NetLabel: Initializing
[    3.614240] NetLabel:  domain hash size = 128
[    3.615784] NetLabel:  protocols = UNLABELED CIPSOv4
[    3.617495] NetLabel:  unlabeled traffic allowed by default
[    3.619665] amd_nb: Cannot enumerate AMD northbridges
[    3.621454] clocksource: Switched to clocksource kvm-clock
[    3.635727] AppArmor: AppArmor Filesystem Enabled
[    3.696793] pnp: PnP ACPI init
[    3.699933] pnp: PnP ACPI: found 3 devices
[    3.708688] clocksource: acpi_pm: mask: 0xffffff max_cycles: 0xffffff, max_idle_ns: 2085701024 ns
[    3.735051] NET: Registered protocol family 2
[    3.737138] TCP established hash table entries: 8192 (order: 4, 65536 bytes)
[    3.739467] TCP bind hash table entries: 8192 (order: 5, 131072 bytes)
[    3.741608] TCP: Hash tables configured (established 8192 bind 8192)
[    3.744277] UDP hash table entries: 512 (order: 2, 16384 bytes)
[    3.746265] UDP-Lite hash table entries: 512 (order: 2, 16384 bytes)
[    3.799034] NET: Registered protocol family 1
[    3.814439] pci 0000:00:00.0: Limiting direct PCI/PCI transfers
[    3.816426] pci 0000:00:01.0: Activating ISA DMA hang workarounds
[    3.818733] Unpacking initramfs...
[    4.330937] Freeing initrd memory: 14832K
[    4.420352] clocksource: tsc: mask: 0xffffffffffffffff max_cycles: 0x2b2296bc2b9, max_idle_ns: 440795321505 ns
[    4.423805] platform rtc_cmos: registered platform RTC device (no PNP device found)
[    4.427207] Scanning for low memory corruption every 60 seconds
[    4.429536] audit: initializing netlink subsys (disabled)
[    4.431424] audit: type=2000 audit(1566578144.257:1): initialized
[    4.433776] Initialise system trusted keyring
[    4.435546] HugeTLB registered 2 MB page size, pre-allocated 0 pages
[    4.439212] zbud: loaded
[    4.440714] VFS: Disk quotas dquot_6.6.0
[    4.442254] VFS: Dquot-cache hash table entries: 512 (order 0, 4096 bytes)
[    4.454826] squashfs: version 4.0 (2009/01/31) Phillip Lougher
[    4.457943] fuse init (API version 7.23)
[    4.459586] Key type big_key registered
[    4.525050] Allocating IMA MOK and blacklist keyrings.
[    4.527587] Key type asymmetric registered
[    4.529044] Asymmetric key parser 'x509' registered
[    4.530751] Block layer SCSI generic (bsg) driver version 0.4 loaded (major 249)
[    4.533434] io scheduler noop registered
[    4.534895] io scheduler deadline registered (default)
[    4.536633] io scheduler cfq registered
[    4.538180] pci_hotplug: PCI Hot Plug PCI Core version: 0.5
[    4.540076] pciehp: PCI Express Hot Plug Controller Driver version: 0.4
[    4.542313] ACPI: AC Adapter [AC] (on-line)
[    4.544328] input: Power Button as /devices/LNXSYSTM:00/LNXPWRBN:00/input/input0
[    4.547027] ACPI: Power Button [PWRF]
[    4.548470] input: Sleep Button as /devices/LNXSYSTM:00/LNXSLPBN:00/input/input1
[    4.551142] ACPI: Sleep Button [SLPF]
[    4.626700] GHES: HEST is not enabled!
[    4.628575] Serial: 8250/16550 driver, 32 ports, IRQ sharing enabled
[    4.658748] 00:02: ttyS0 at I/O 0x3f8 (irq = 4, base_baud = 115200) is a 16550A
[    4.663640] Linux agpgart interface v0.103
[    4.677681] loop: module loaded
[    4.735287] scsi host0: ata_piix
[    4.736658] scsi host1: ata_piix
[    4.738011] ata1: PATA max UDMA/33 cmd 0x1f0 ctl 0x3f6 bmdma 0xd000 irq 14
[    4.740094] ata2: PATA max UDMA/33 cmd 0x170 ctl 0x376 bmdma 0xd008 irq 15
[    4.743424] libphy: Fixed MDIO Bus: probed
[    4.744879] tun: Universal TUN/TAP device driver, 1.6
[    4.746571] tun: (C) 1999-2004 Max Krasnyansky <maxk@qualcomm.com>
[    4.748556] PPP generic driver version 2.4.2
[    4.750164] ehci_hcd: USB 2.0 'Enhanced' Host Controller (EHCI) Driver
[    4.752174] ehci-pci: EHCI PCI platform driver
[    4.753706] ehci-platform: EHCI generic platform driver
[    4.755460] ohci_hcd: USB 1.1 'Open' Host Controller (OHCI) Driver
[    4.761270] ohci-pci: OHCI PCI platform driver
[    4.762854] ohci-platform: OHCI generic platform driver
[    4.774583] uhci_hcd: USB Universal Host Controller Interface driver
[    4.777076] i8042: PNP: PS/2 Controller [PNP0303:PS2K,PNP0f03:PS2M] at 0x60,0x64 irq 1,12
[    4.831386] serio: i8042 KBD port at 0x60,0x64 irq 1
[    4.833040] serio: i8042 AUX port at 0x60,0x64 irq 12
[    4.834889] mousedev: PS/2 mouse device common for all mice
[    4.837092] input: AT Translated Set 2 keyboard as /devices/platform/i8042/serio0/input/input2
[    4.856040] rtc_cmos rtc_cmos: rtc core: registered rtc_cmos as rtc0
[    4.858160] rtc_cmos rtc_cmos: alarms up to one day, 114 bytes nvram
[    4.860571] i2c /dev entries driver
[    4.861949] device-mapper: uevent: version 1.0.3
[    4.863645] device-mapper: ioctl: 4.34.0-ioctl (2015-10-28) initialised: dm-devel@redhat.com
[    4.866539] ledtrig-cpu: registered to indicate activity on CPUs
[    4.869037] NET: Registered protocol family 10
[    4.870950] NET: Registered protocol family 17
[    4.872500] Key type dns_resolver registered
[    4.877719] registered taskstats version 1
[    4.935534] Loading compiled-in X.509 certificates
[    4.938092] Loaded X.509 cert 'Build time autogenerated kernel key: d14182f9795b80ec340f636a5a08bf5817ccd8e7'
[    4.941389] zswap: loaded using pool lzo/zbud
[    4.955459] Key type trusted registered
[    5.065613] Key type encrypted registered
[    5.139491] AppArmor: AppArmor sha1 policy hashing enabled
[    5.141331] ima: No TPM chip found, activating TPM-bypass!
[    5.143708] ima: Allocated hash algorithm: sha1
[    5.145347] evm: HMAC attrs: 0x1
[    5.147066]   Magic number: 15:467:591
[    5.148601] rtc_cmos rtc_cmos: setting system clock to 2019-08-23 16:35:38 UTC (1566578138)
[    5.165914] BIOS EDD facility v0.16 2004-Jun-25, 0 devices found
[    5.167865] EDD information not available.
[    5.250008] Freeing unused kernel memory: 1488K
[    5.261505] Write protecting the kernel read-only data: 14336k
[    5.275774] Freeing unused kernel memory: 1608K
[    5.346522] Freeing unused kernel memory: 64K
Loading, please wait...
starting version 229
[    5.579998] random: systemd-udevd: uninitialized urandom read (16 bytes read, 3 bits of entropy available)
[    5.594148] random: systemd-udevd: uninitialized urandom read (16 bytes read, 3 bits of entropy available)
[    5.597444] random: systemd-udevd: uninitialized urandom read (16 bytes read, 3 bits of entropy available)
[    5.601708] random: udevadm: uninitialized urandom read (16 bytes read, 3 bits of entropy available)
[    5.663493] random: systemd-udevd: uninitialized urandom read (16 bytes read, 3 bits of entropy available)
[    5.675692] random: udevadm: uninitialized urandom read (16 bytes read, 3 bits of entropy available)
[    5.772946] random: systemd-udevd: uninitialized urandom read (16 bytes read, 3 bits of entropy available)
[    5.803315] random: systemd-udevd: uninitialized urandom read (16 bytes read, 3 bits of entropy available)
[    5.972162] random: udevadm: uninitialized urandom read (16 bytes read, 3 bits of entropy available)
[    6.006299] random: systemd-udevd: uninitialized urandom read (16 bytes read, 3 bits of entropy available)
[    6.915138] Fusion MPT base driver 3.04.20
[    6.924676] Copyright (c) 1999-2008 LSI Corporation
[    6.929827] e1000: Intel(R) PRO/1000 Network Driver - version 7.3.21-k8-NAPI
[    6.931993] e1000: Copyright (c) 1999-2006 Intel Corporation.
[    7.040713] Fusion MPT SPI Host driver 3.04.20
[    7.766201] input: ImExPS/2 Generic Explorer Mouse as /devices/platform/i8042/serio1/input/input4
[    8.344308] e1000 0000:00:03.0 eth0: (PCI:33MHz:32-bit) 02:6a:5b:40:72:6f
[    8.355270] e1000 0000:00:03.0 eth0: Intel(R) PRO/1000 Network Connection
[    8.363393] e1000 0000:00:03.0 enp0s3: renamed from eth0
[    8.374933] mptbase: ioc0: Initiating bringup
[    8.501950] ioc0: LSI53C1030 A0: Capabilities={Initiator}
[    8.663483] scsi host2: ioc0: LSI53C1030 A0, FwRev=00000000h, Ports=1, MaxQ=256, IRQ=20
[    8.862990] scsi 2:0:0:0: Direct-Access     VBOX     HARDDISK         1.0  PQ: 0 ANSI: 5
[    8.871852] scsi target2:0:0: Beginning Domain Validation
[    8.874858] scsi target2:0:0: Domain Validation skipping write tests
[    8.885136] scsi target2:0:0: Ending Domain Validation
[    8.886943] scsi target2:0:0: asynchronous
[    8.888895] scsi 2:0:1:0: Direct-Access     VBOX     HARDDISK         1.0  PQ: 0 ANSI: 5
[    8.892178] scsi target2:0:1: Beginning Domain Validation
[    8.895434] scsi target2:0:1: Domain Validation skipping write tests
[    8.897398] scsi target2:0:1: Ending Domain Validation
[    8.899186] scsi target2:0:1: asynchronous
[    8.906700] sd 2:0:0:0: Attached scsi generic sg0 type 0
[    8.909107] sd 2:0:0:0: [sda] 20971520 512-byte logical blocks: (10.7 GB/10.0 GiB)
[    8.959134] sd 2:0:0:0: [sda] Write Protect is off
[    8.983896] sd 2:0:1:0: [sdb] 20480 512-byte logical blocks: (10.5 MB/10.0 MiB)
[    9.004849] sd 2:0:1:0: Attached scsi generic sg1 type 0
[    9.084504] sd 2:0:0:0: [sda] Incomplete mode parameter data
[    9.086336] sd 2:0:0:0: [sda] Assuming drive cache: write through
[    9.088309] sd 2:0:1:0: [sdb] Write Protect is off
[    9.090080] sd 2:0:1:0: [sdb] Incomplete mode parameter data
[    9.091941] sd 2:0:1:0: [sdb] Assuming drive cache: write through
[    9.186053]  sda: sda1
[    9.188565] sd 2:0:0:0: [sda] Attached SCSI disk
[    9.224557] sd 2:0:1:0: [sdb] Attached SCSI disk
Begin: Loading essential drivers ... [   12.550460] md: linear personality registered for level -1
[   12.630142] md: multipath personality registered for level -4
[   12.707515] md: raid0 personality registered for level 0
[   12.818229] md: raid1 personality registered for level 1
[   13.008828] raid6: sse2x1   gen()  4390 MB/s
[   13.113838] raid6: sse2x1   xor()  3014 MB/s
[   13.318873] raid6: sse2x2   gen()  4635 MB/s
[   13.424459] raid6: sse2x2   xor()  4164 MB/s
[   13.528712] raid6: sse2x4   gen()  6551 MB/s
[   13.633837] raid6: sse2x4   xor()  4384 MB/s
[   13.635384] raid6: using algorithm sse2x4 gen() 6551 MB/s
[   13.637164] raid6: .... xor() 4384 MB/s, rmw enabled
[   13.638845] raid6: using ssse3x2 recovery algorithm
[   13.663365] xor: measuring software checksum speed
[   13.841389]    prefetch64-sse: 29824.000 MB/sec
[   13.891106]    generic_sse: 25286.000 MB/sec
[   13.945382] xor: using function: prefetch64-sse (29824.000 MB/sec)
[   13.958261] async_tx: api initialized (async)
[   14.095174] md: raid6 personality registered for level 6
[   14.155634] md: raid5 personality registered for level 5
[   14.157738] md: raid4 personality registered for level 4
[   14.281085] md: raid10 personality registered for level 10
done.
Begin: Running /scripts/init-premount ... done.
Begin: Mounting root file system ... Begin: Running /scripts/local-top ... done.
Begin: Running /scripts/local-premount ... [   14.608803] Btrfs loaded
Scanning for Btrfs filesystems
done.
Warning: fsck not present, so skipping root file system
[   15.009877] EXT4-fs (sda1): mounted filesystem with ordered data mode. Opts: (null)
done.
Begin: Running /scripts/local-bottom ... done.
Begin: Running /scripts/init-bottom ... done.
[   15.890616] random: nonblocking pool is initialized
[   15.939688] systemd[1]: systemd 229 running in system mode. (+PAM +AUDIT +SELINUX +IMA +APPARMOR +SMACK +SYSVINIT +UTMP +LIBCRYPTSETUP +GCRYPT +GNUTLS +ACL +XZ -LZ4 +SECCOMP +BLKID +ELFUTILS +KMOD -IDN)
[   15.948840] systemd[1]: Detected virtualization oracle.
[   15.950595] systemd[1]: Detected architecture x86-64.

Welcome to [1mUbuntu 16.04.6 LTS[0m!

[   16.014810] systemd[1]: Set hostname to <ubuntu>.
[   16.035326] systemd[1]: Initializing machine ID from random generator.
[   16.037566] systemd[1]: Installed transient /etc/machine-id file.
[   17.286361] systemd[1]: Reached target Swap.
[[0;32m  OK  [0m] Reached target Swap.
[   17.348167] systemd[1]: Set up automount Arbitrary Executable File Formats File System Automount Point.
[[0;32m  OK  [0m] Set up automount Arbitrary Executab...ats File System Automount Point.
[   17.369286] systemd[1]: Created slice User and Session Slice.
[[0;32m  OK  [0m] Created slice User and Session Slice.
[   17.380546] systemd[1]: Reached target System Time Synchronized.
[[0;32m  OK  [0m] Reached target System Time Synchronized.
[   17.384807] systemd[1]: Started Forward Password Requests to Wall Directory Watch.
[[0;32m  OK  [0m] Started Forward Password Requests to Wall Directory Watch.
[   17.395591] systemd[1]: Started Trigger resolvconf update for networkd DNS.
[[0;32m  OK  [0m] Started Trigger resolvconf update for networkd DNS.
[   17.399952] systemd[1]: Reached target Encrypted Volumes.
[[0;32m  OK  [0m] Reached target Encrypted Volumes.
[   17.405505] systemd[1]: Created slice System Slice.
[[0;32m  OK  [0m] Created slice System Slice.
[   17.451925] systemd[1]: Listening on LVM2 metadata daemon socket.
[[0;32m  OK  [0m] Listening on LVM2 metadata daemon socket.
[   17.457285] systemd[1]: Created slice system-serial\x2dgetty.slice.
[[0;32m  OK  [0m] Created slice system-serial\x2dgetty.slice.
[   17.461418] systemd[1]: Reached target Slices.
[[0;32m  OK  [0m] Reached target Slices.
[   17.464773] systemd[1]: Reached target User and Group Name Lookups.
[[0;32m  OK  [0m] Reached target User and Group Name Lookups.
[   17.469175] systemd[1]: Listening on Journal Socket.
[[0;32m  OK  [0m] Listening on Journal Socket.
[   17.476921] systemd[1]: Mounting POSIX Message Queue File System...
         Mounting POSIX Message Queue File System...
[   17.492850] systemd[1]: Mounting Debug File System...
         Mounting Debug File System...
[   17.674571] systemd[1]: Listening on Device-mapper event daemon FIFOs.
[[0;32m  OK  [0m] Listening on Device-mapper event daemon FIFOs.
[   17.761988] systemd[1]: Listening on Journal Audit Socket.
[[0;32m  OK  [0m] Listening on Journal Audit Socket.
[   17.778287] systemd[1]: Starting Load Kernel Modules...
         Starting Load Kernel Modules...
[   17.819641] systemd[1]: Starting Monitoring of LVM2 mirrors, snapshots etc. using dmeventd or progress polling...
         Starting Monitoring of LVM2 mirrors... dmeventd or progress polling...
[   17.888896] systemd[1]: Starting Create list of required static device nodes for the current kernel...
         Starting Create list of required st... nodes for the current kernel...
[   17.989382] systemd[1]: Starting Set console keymap...
         Starting Set console keymap...
[   18.095696] systemd[1]: Listening on Journal Socket (/dev/log).
[[0;32m  OK  [0[   18.177599] Loading iSCSI transport class v2.0-870.
m] Listening on Journal Socket (/dev/log).
[   18.283515] systemd[1]: Listening on Syslog Socket.
[[0;32m  OK  [0m] Listening on Syslog Socket.
[   18.290384] systemd[1]: Listening on /dev/initctl Compatibility Named Pipe.
[[0;32m  OK  [0m] Listening on /dev/initctl Compatibility Named Pipe.
[   18.300552] systemd[1]: Starting Journal Service...
         Starting Journal Service...
[   18.326171] systemd[1]: Starting Uncomplicated firewall...
         Starting Uncomplicated firewall...
[   18.400924] systemd[1]: Listening on udev Control Socket.
[[0;32m  OK  [0m] Listening on udev Control Socket.
[   18.424690] systemd[1]: Listening on udev Kernel Socket.
[[0;32m  OK  [0m] Listening on udev Kernel Socket.
[   18.512807] systemd[1]: Listening on LVM2 poll daemon socket.
[[0;32m  OK  [0m] Listening on LVM2 poll daemon socket.
[   18.594613] iscsi: registered transport (tcp)
[   18.617716] systemd[1]: Mounting Huge Pages File System...
         Mounting Huge Pages File System...
[   18.952182] systemd[1]: Starting Nameserver information manager...
         Starting Nameserver information manager...
[   19.109197] systemd[1]: Starting Remount Root and Kernel File Systems...
         Starting Remount Root and Kernel File Systems...
[   19.237151] systemd[1]: Mounted Huge Pages File System.
[[0;32m  OK  [0m] Mounted Huge Pages File System.
[   19.409399] systemd[1]: Mounted POSIX Message Queue File System.
[[0;32m  OK  [0m] Mounted POSIX Message Queue File System.
[   19.413515] EXT4-fs (sda1): re-mounted. Opts: (null)
[   19.416573] systemd[1]: Mounted Debug File System.
[[0;32m  OK  [0m] Mounted Debug File System.
[   19.445684] systemd[1]: Started Create list of required static device nodes for the current kernel.
[[0;32m  OK  [0m] Started Create list of required sta...ce nodes for the current kernel.
[   19.519902] systemd[1]: Started Uncomplicated firewall.
[[0;32m  OK  [0m] Started Uncomplicated firewall.
[   19.571169] systemd[1]: Started Remount Root and Kernel File Systems.
[[0;32m  OK  [0m] Started Remount Root and Kernel File Systems.
[   19.734142] systemd[1]: Started Nameserver information manager.
[[0;32m  OK  [0m] Started Nameserver information manager.
[   19.770911] systemd[1]: Started Journal Service.
[[0;32m  OK  [0m] Started Journal Service.
[   20.258129] iscsi: registered transport (iser)
[[0;32m  OK  [0m] Started LVM2 metadata daemon.
         Starting udev Coldplug all Devices...
         Starting Flush Journal to Persistent Storage...
         Starting Load/Save Random Seed...
         Starting Create Static Device Nodes in /dev...
[[0;32m  OK  [0m] Started Load Kernel Modules.
[[0;32m  OK  [0m] Started Load/Save Random Seed.
[[0;32m  OK  [0m] Started Set console keymap.
[[0;32m  OK  [0m] Started Monitoring of LVM2 mirrors,...ng dmeventd or progress polling.
         Mounting FUSE Control File System...
         Starting Apply Kernel Variables...
[[0;32m  OK  [0m] Mounted FUSE Control File System.
[[0;32m  OK  [0m] Started Create Static Device Nodes in /dev.
[[0;32m  OK  [0m] Started Apply Kernel Variables.
[[0;32m  OK  [0m] Reached target Local File Systems (Pre).
[[0;32m  OK  [0m] Reached target Local File Systems.
         Starting LSB: AppArmor initialization...
         Starting Set console font and keymap...
         Starting Commit a transient machine-id on disk...
         Starting Tell Plymouth To Write Out Runtime Data...
         Starting Initial cloud-init job (pre-networking)...
         Starting udev Kernel Device Manager...
[[0;32m  OK  [0m] Started Flush Journal to Persistent Storage.
[[0;32m  OK  [0m] Started Commit a transient machine-id on disk.
[[0;32m  OK  [0m] Started Tell Plymouth To Write Out Runtime Data.
         Starting Create Volatile Files and Directories...
[[0;32m  OK  [0m] Started udev Coldplug all Devices.
[[0;32m  OK  [0m] Started Create Volatile Files and Directories.
         Starting Update UTMP about System Boot/Shutdown...
[[0;32m  OK  [0m] Started Update UTMP about System Boot/Shutdown.
[[0;32m  OK  [0m] Started udev Kernel Device Manager.
[[0;32m  OK  [0m] Started Dispatch Password Requests to Console Directory Watch.
[[0;32m  OK  [0m] Found device /dev/ttyS0.
[[0;32m  OK  [0m] Listening on Load/Save RF Kill Switch Status /dev/rfkill Watch.
[[0;32m  OK  [0m] Started LSB: AppArmor initialization.
[   34.377391] cloud-init[471]: Cloud-init v. 19.1-1-gbaa47854-0ubuntu1~16.04.1 running 'init-local' at Fri, 23 Aug 2019 16:36:06 +0000. Up 29.91 seconds.
[[0;32m  OK  [0m] Started Initial cloud-init job (pre-networking).
[[0;32m  OK  [0m] Reached target Network (Pre).
         Starting Raise network interfaces...
[[0;32m  OK  [0m] Started Set console font and keymap.
[[0;32m  OK  [0m] Created slice system-getty.slice.
[[0;32m  OK  [0m] Started Raise network interfaces.
         Starting Initial cloud-init job (metadata service crawler)...
[[0;32m  OK  [0m] Reached target Network.
[   47.518242] cloud-init[951]: Cloud-init v. 19.1-1-gbaa47854-0ubuntu1~16.04.1 running 'init' at Fri, 23 Aug 2019 16:36:19 +0000. Up 43.09 seconds.
[   47.531279] cloud-init[951]: ci-info: ++++++++++++++++++++++++++++++++++++++Net device info++++++++++++++++++++++++++++++++++++++
[   47.541581] cloud-init[951]: ci-info: +--------+------+----------------------------+---------------+--------+-------------------+
[   47.553367] cloud-init[951]: ci-info: | Device |  Up  |          Address           |      Mask     | Scope  |     Hw-Address    |
[   47.618901] cloud-init[951]: ci-info: +--------+------+----------------------------+---------------+--------+-------------------+
[   47.628052] cloud-init[951]: ci-info: | enp0s3 | True |         10.0.2.15          | 255.255.255.0 | global | 02:6a:5b:40:72:6f |
[   47.645245] cloud-init[951]: ci-info: | enp0s3 | True | fe80::6a:5bff:fe40:726f/64 |       .       |  link  | 02:6a:5b:40:72:6f |
[   47.653290] cloud-init[951]: ci-info: |   lo   | True |         127.0.0.1          |   255.0.0.0   |  host  |         .         |
[   47.714870] cloud-init[951]: ci-info: |   lo   | True |          ::1/128           |       .       |  host  |         .         |
[   47.744738] cloud-init[951]: ci-info: +--------+------+----------------------------+---------------+--------+-------------------+
[   47.762789] cloud-init[951]: ci-info: +++++++++++++++++++++++++++Route IPv4 info++++++++++++++++++++++++++++
[   48.020917] cloud-init[951]: ci-info: +-------+-------------+----------+---------------+-----------+-------+
[[0;32m  OK  [0m] Started Initial cloud-init job (metadata service crawler).
[   48.053752] cloud-init[951]: ci-info: | Route | Destination | Gateway  |    Genmask    | Interface | Flags |
[   48.195795] cloud-init[951]: ci-info: +-------+-------------+----------+---------------+-----------+-------+
[   48.206414] cloud-init[951]: ci-info: |   0   |   0.0.0.0   | 10.0.2.2 |    0.0.0.0    |   enp0s3  |   UG  |[[0;32m  OK  [0m] Reached target System Initialization.
[[0;32m  OK  [0m] Started Daily Cleanup of Temporary Directories.

[   48.235923] cloud-init         Starting Socket activation for snappy daemon.[951]: ci-info: |   1   |   10.0.2.0  | 0.0.0.0  | 255.255.255.0 |   enp0s3  |   U   |

[   48.253105] cloud-init[951]: ci-info: +-------+-------------+----------+---------------+-----------+-------+
[   48.255991] cloud-init[951]: ci-info: +++++++++++++++++++Route IPv6 info+++++++++++++++++++
[   48.258617] cloud-init[951]: ci-info: +-------+-------------+---------+-----------+-------+
[   48.261224] cloud-init[951]: ci-info: | Route | Destination | Gateway | Interface | Flags |
[[0;32m  OK  [0m] Started ACPI Events Check.
[[0;32m  OK  [0m] Reached target Paths.
[   48.308771] cloud-init[951]: ci-info: +-------+-------------+---------+-----------+-------+
[   48.314029] cloud-init[951]: ci-info: |   0   |  fe80::/64  |    ::   |   enp0s3  |   U   |
[   48.314248] cloud-init[951]: ci-info: |   4   |   ff00::/8  |    ::   |   enp0s3  |   U   |
[   48.314463] cloud-init[951]: ci-info: +-------+-------------+---------+-----------+-------+
[   48.314907] cloud-init[951]: Generating public/private rsa key pair.
[   48.315135] cloud-init[951]: Your identification has been saved in /etc/ssh/ssh_host_rsa_key.
[   48.315348] cloud-init[951]: Your public key has been saved in /etc/ssh/ssh_host_rsa_key.pub.
[   48.315711] cloud-init[951]: The key fingerprint is:
[   48.315929] cloud-init[951]: SHA256:WFBFTsLPHrIBTH37H8uN9ebcaAL6G5SNIIzezQD3Pts root@ubuntu-xenial
[   48.316142] cloud-init[951]: The key's randomart image is:
[   48.316493] cloud-init[951]: +---[RSA 2048]----+
[   48.361140] cloud-init[951]: |    .o++oo+      |         Starting LXD - unix socket.
[   48.369013] cloud-init[951]: |     =ooo+.      |
[   48.382152] cloud-init[951]: |    . +.++..     |
[[0;32m  OK  [0m] Listening on UUID daemon activation socket.
[   48.390712] cloud-init[951]: |   . . Oo.=+     |
[   48.393100] cloud-init[951]: |    . o S=+o.    |
[   48.395534] cloud-init[951]: |        .=o . . .|
[   48.403875] cloud-init[951]: |        ..E. o *.|
[   48.406354] cloud-init[951]: |        .  .. *o=|

[   48.436378] cloud-init[951]: |         .o. o.o+|
[   48.438910] cloud-init[951]: +----[SHA256]-----+
[   48.441296] cloud-init[951]: Generating public/private dsa key pair.
[   48.449402] cloud-init[951]: Your identification has been saved in /etc/ssh/ssh_host_dsa_key.
[[0;32m  OK  [0m] Listening on D-Bus System Message Bus Socket.
[   48.455606] cloud-init[951]: Your public key has been saved in /etc/ssh/ssh_host_dsa_key.pub.
[   48.484429] cloud-init[951]: The key fingerprint is:
[[0;32m  OK  [0m] Started Daily apt download activities.
[   48.490817] cloud-init[[0;32m  OK  [0m] Started Daily apt upgrade and clean activities.
[[0;32m  OK  [0m] Reached target Timers.
[951]: SHA256:miEJTaHke5VzW8GSs4zitoA0+F1HTSu/149u3YCyRDU root@ubuntu-xenial
[   48.500173] cloud-init[951]: The key's randomart image is:
[   48.524626] cloud-init[951]: +---[DSA 1024]----+
[   48.565340] cloud-init[951]: |  . o.   =o      |
[[0;32m  OK  [0m] Listening on ACPID Listen Socket.
[   48.570022] cloud-init[951]: | o +   .= ooE    |
[[0;32m  OK  [0m] Reached target Cloud-config availability.
[   48.574788] cloud-init[951]: [[0;32m  OK  [0m] Reached target Network is Online.
|. + . ++o+o. .   |
[   48.586195] cloud-init[951]: |.o o.ooo+=.      |
[   48.639824] cloud-init[951]: |.ooo+o..S..  .   |
[   48.651222] cloud-init[951]: |. o.+. +  o....  |
[   48.651456] cloud-init[951]: |   o .o  ..o. .o.|
[   48.651684] cloud-init[951]: |    .     ..  .oo|
[   48.651947] cloud-init[951]: |             oo .|
[   48.652174] cloud-init[951]: +----[SHA256]-----+
[   48.652399] cloud-init[951]: Generating public/private ecdsa key pair.
[   48.652621] cloud-init[951]: Your identification has been saved in /etc/ssh/ssh_host_ecdsa_key.
[   48.652862] cloud-init[951]: Your public key has been saved in /etc/ssh/ssh_host_ecdsa_key.pub.
[   48.653097] cloud-init[951]: The key fingerprint is:
[   48.653332] cloud-init[951]: SHA256:WQ1E1d6lYqXFyZtCNyKnb+9wwPPElDDWkCMStCuShqs root@ubuntu-xenial
         Starting iSCSI initiator daemon (iscsid)...
[   48.653909] cloud-init[951]: The key's randomart image is:
[[   48.744665] cloud-init[951]: +---[ECDSA 256]---+
[   48.745189] cloud-init[951]: |       .o++.*B . |
[   48.745416] cloud-init[951]: |        ..o+*o@..|
[   48.745644] cloud-init[951]: |        ...*.Oo*.|
[   48.745878] cloud-init[951]: |   . .   +..=o= .|
[   48.746116] cloud-init[951]: |  . + . S  o+oo  |
[   48.752055] cloud-init[951]: |   o . .    o=   |
[   48.752295] cloud-init[951]: |  .        ...o  |
[   48.752518] cloud-init[951]: | .           o.  |
[   48.752741] cloud-init[951]: |E            ..  |
[   48.752969] cloud-init[951]: +----[SHA256]-----+
[0;32m  OK  [0m] Listening on Socket activation for snappy daemon.
[   48.754860] cloud-init[951]: Generating public/private ed25519 key pair.
[   48.811929] cloud-init[951]: Your identification has been saved in /etc/ssh/ssh_host_ed25519_key.
[[0;32m  OK  [0m] Listening on LXD - unix socket.[   48.828766] cloud-init[951]: Your public key has been saved in /etc/ssh/ssh_host_ed25519_key.pub.
[   48.830582] cloud-init[951]: The key fingerprint is:
[   48.830813] cloud-init[951]: SHA256:o2tGgBubELX8KppJL869s6pGtJ0NpBfsb9pQeb3CMKY root@ubuntu-xenial
[   48.831038] cloud-init[951]: The key's randomart image is:
[   48.831264] cloud-init[951]: +--[ED25519 256]--+
[   48.831490] cloud-init[951]: | .o              |

[   48.831716] cloud-init[951]: |.. =             |
[   48.932839] cloud-init[951]: | .*.. . .        |
[   48.945901] cloud-init[951]: |.oo=.* . .       |
[   49.020598] cloud-init[951]: [[0;32m  OK  [0m] Started iSCSI initiator daemon (iscsid).
         Starting Login to default iSCSI targets...
[[0;32m  OK  [0m] Reached target Sockets.
[[0;32m  OK  [0m] Reached target Basic System.
         Starting LSB: MD monitoring daemon...
         Starting Login Service...
|..+=X.= S .      |
[   49.302031] cloud-init[951]: | o+E +.+ o       |
         Starting Pollinate to seed the pseudo random number generator...
[   49.338093] cloud-init[951]: |o.. =.. .        |
[   49.386980] cloud-init[951]: |+*oo .o.         |
         [   49.480985] cloud-init[951]: |O+o=+o.          |Starting /etc/rc.local Compatibility...
[   49.584626] cloud-init[951]: +----[SHA256]-----+

         Starting System Logging Service...
[[0;32m  OK  [0m] Started D-Bus System Message Bus.
[[0;32m  OK  [0m] Started Deferred execution scheduler.
[[0;32m  OK  [0m] Started ACPI event daemon.
[[0;32m  OK  [0m] Started Regular background program processing daemon.
         Starting LXD - container startup/shutdown...
         Starting LSB: Record successful boot for GRUB...
         Starting Snappy daemon...
         Starting Accounts Service...
         Starting Virtualbox guest utils...
[[0;32m  OK  [0m] Started FUSE filesystem for LXC.
[[0;32m  OK  [0m] Started System Logging Service.
[[0;32m  OK  [0m] Started /etc/rc.local Compatibility.
[[0;32m  OK  [0m] Started Login Service.
[[0;32m  OK  [0m] Started Unattended Upgrades Shutdown.
[[0;32m  OK  [0m] Started Login to default iSCSI targets.
[[0;32m  OK  [0m] Reached target Remote File Systems (Pre).
[[0;32m  OK  [0m] Reached target Remote File Systems.
         Starting Permit User Sessions...
         Starting LSB: Set the CPU Frequency Scaling governor to "ondemand"...
         Starting LSB: automatic crash report generation...
         Starting LSB: daemon to balance interrupts for SMP systems...
[[0;32m  OK  [0m] Started Permit User Sessions.
         Starting Terminate Plymouth Boot Screen...
         Starting Hold until boot process finishes up...
[[0;32m  OK  [0m] Started Terminate Plymouth Boot Screen.
[[0;32m  OK  [0m] Started LSB: MD monitoring daemon.
[[0;32m  OK  [0m] Started Hold until boot process finishes up.
[[0;32m  OK  [0m] Started Getty on tty1.
[[0;32m  OK  [0m] Started Serial Getty on ttyS0.
[[0;32m  OK  [0m] Reached target Login Prompts.
         Starting Set console scheme...
[[0;32m  OK  [0m] Started LSB: Record successful boot for GRUB.
         Starting Authenticate and Authorize Users to Run Privileged Tasks...
[[0;32m  OK  [0m] Started LSB: daemon to balance interrupts for SMP systems.
[[0;32m  OK  [0m] Started Set console scheme.
[[0;32m  OK  [0m] Started Authenticate and Authorize Users to Run Privileged Tasks.
[[0;32m  OK  [0m] Started LSB: Set the CPU Frequency Scaling governor to "ondemand".
[[0;32m  OK  [0m] Started Accounts Service.
[[0;32m  OK  [0m] Started LXD - container startup/shutdown.
[[0;32m  OK  [0m] Started LSB: automatic crash report generation.
[[0;32m  OK  [0m] Started Virtualbox guest utils.
[[0;32m  OK  [0m] Started Snappy daemon.
         Starting Wait until snapd is fully seeded...
[[0;32m  OK  [0m] Started Pollinate to seed the pseudo random number generator.
         Starting OpenBSD Secure Shell server...
[[0;32m  OK  [0m] Started OpenBSD Secure Shell server.

Ubuntu 16.04.6 LTS ubuntu-xenial ttyS0

ubuntu-xenial login: [   67.866606] cloud-init[1423]: Generating locales (this might take a while)...
[   75.882594] cloud-init[1423]:   en_US.UTF-8... done
[   75.884003] cloud-init[1423]: Generation complete.
[   79.215288] cloud-init[1423]: Cloud-init v. 19.1-1-gbaa47854-0ubuntu1~16.04.1 running 'modules:config' at Fri, 23 Aug 2019 16:36:42 +0000. Up 66.63 seconds.
ci-info: no authorized ssh keys fingerprints found for user ubuntu.
<14>Aug 23 16:36:59 ec2: 
<14>Aug 23 16:36:59 ec2: #############################################################
<14>Aug 23 16:36:59 ec2: -----BEGIN SSH HOST KEY FINGERPRINTS-----
<14>Aug 23 16:36:59 ec2: 1024 SHA256:miEJTaHke5VzW8GSs4zitoA0+F1HTSu/149u3YCyRDU root@ubuntu-xenial (DSA)
<14>Aug 23 16:36:59 ec2: 256 SHA256:WQ1E1d6lYqXFyZtCNyKnb+9wwPPElDDWkCMStCuShqs root@ubuntu-xenial (ECDSA)
<14>Aug 23 16:36:59 ec2: 256 SHA256:o2tGgBubELX8KppJL869s6pGtJ0NpBfsb9pQeb3CMKY root@ubuntu-xenial (ED25519)
<14>Aug 23 16:36:59 ec2: 2048 SHA256:WFBFTsLPHrIBTH37H8uN9ebcaAL6G5SNIIzezQD3Pts root@ubuntu-xenial (RSA)
<14>Aug 23 16:36:59 ec2: -----END SSH HOST KEY FINGERPRINTS-----
<14>Aug 23 16:36:59 ec2: #############################################################
-----BEGIN SSH HOST KEY KEYS-----
ecdsa-sha2-nistp256 AAAAE2VjZHNhLXNoYTItbmlzdHAyNTYAAAAIbmlzdHAyNTYAAABBBCmovpdlFTn7/IZnnu58StRDS5J3CU6Y2u+k4rnpUA5fK1G6ntFk6vlKsI1+QNhAGSuwCUp1rux5Wv2r3fvn/f8= root@ubuntu-xenial
ssh-ed25519 AAAAC3NzaC1lZDI1NTE5AAAAIKBcPbgEPTM5ytyXNx1jOfkeOkKc1sQSDUkIjqVwnnQb root@ubuntu-xenial
ssh-rsa AAAAB3NzaC1yc2EAAAADAQABAAABAQDjXqzJecVumdj3hI4tDoGKwTUOI0c5k62pKsshzXhmmqTN5e0VoVhAxVoxhzDgYewZqfLXgS8pUSYzt580UL2MSz9yf8C4Km6r/jGKnW3I2AAnmL1YO4lYD+Hbmq5e+FdxvH8UiRAZR0wxliP6Cd3Gf+kaoUSv3tnttxaJIrPPVilTMw7Qa0kXH5jXN6iiLDWXK9BgVlIqrTK09+M3NLUQ8eYs1UNvnhjFAWRf9/ho9BL3wtuA4HQyW4Hu9POcPYrxb7YhivYaHe0w+1rDD0NAM8fNR6Wc+Sd9gl3L4mK8NbhPkVfFQ07E4l8aa6m7Y7fqf+8hkbdnnkRx5AFSCP7Z root@ubuntu-xenial
-----END SSH HOST KEY KEYS-----
[   84.284710] cloud-init[1605]: Cloud-init v. 19.1-1-gbaa47854-0ubuntu1~16.04.1 running 'modules:final' at Fri, 23 Aug 2019 16:36:57 +0000. Up 81.70 seconds.
[   84.285858] cloud-init[1605]: ci-info: no authorized ssh keys fingerprints found for user ubuntu.
[   84.286432] cloud-init[1605]: Cloud-init v. 19.1-1-gbaa47854-0ubuntu1~16.04.1 finished at Fri, 23 Aug 2019 16:37:00 +0000. Datasource DataSourceNoCloud [seed=/dev/sdb][dsmode=net].  Up 84.09 seconds
