[    0.000000] Initializing cgroup subsys cpuset
[    0.000000] Initializing cgroup subsys cpu
[    0.000000] Initializing cgroup subsys cpuacct
[    0.000000] Linux version 4.4.0-159-generic (buildd@lgw01-amd64-042) (gcc version 5.4.0 20160609 (Ubuntu 5.4.0-6ubuntu1~16.04.10) ) #187-Ubuntu SMP Thu Aug 1 16:28:06 UTC 2019 (Ubuntu 4.4.0-159.187-generic 4.4.185)
[    0.000000] Command line: BOOT_IMAGE=/boot/vmlinuz-4.4.0-159-generic root=LABEL=cloudimg-rootfs ro console=tty1 console=ttyS0
[    0.000000] KERNEL supported cpus:
[    0.000000]   Intel GenuineIntel
[    0.000000]   AMD AuthenticAMD
[    0.000000]   Centaur CentaurHauls
[    0.000000] x86/fpu: Legacy x87 FPU detected.
[    0.000000] e820: BIOS-provided physical RAM map:
[    0.000000] BIOS-e820: [mem 0x0000000000000000-0x000000000009fbff] usable
[    0.000000] BIOS-e820: [mem 0x000000000009fc00-0x000000000009ffff] reserved
[    0.000000] BIOS-e820: [mem 0x00000000000f0000-0x00000000000fffff] reserved
[    0.000000] BIOS-e820: [mem 0x0000000000100000-0x000000002cfeffff] usable
[    0.000000] BIOS-e820: [mem 0x000000002cff0000-0x000000002cffffff] ACPI data
[    0.000000] BIOS-e820: [mem 0x00000000fec00000-0x00000000fec00fff] reserved
[    0.000000] BIOS-e820: [mem 0x00000000fee00000-0x00000000fee00fff] reserved
[    0.000000] BIOS-e820: [mem 0x00000000fffc0000-0x00000000ffffffff] reserved
[    0.000000] NX (Execute Disable) protection: active
[    0.000000] SMBIOS 2.5 present.
[    0.000000] Hypervisor detected: KVM
[    0.000000] e820: last_pfn = 0x2cff0 max_arch_pfn = 0x400000000
[    0.000000] MTRR: Disabled
[    0.000000] x86/PAT: MTRRs disabled, skipping PAT initialization too.
[    0.000000] CPU MTRRs all blank - virtualized system.
[    0.000000] x86/PAT: Configuration [0-7]: WB  WT  UC- UC  WB  WT  UC- UC  
[    0.000000] found SMP MP-table at [mem 0x0009fff0-0x0009ffff] mapped at [ffff88000009fff0]
[    0.000000] Scanning 1 areas for low memory corruption
[    0.000000] RAMDISK: [mem 0x2b961000-0x2c7dcfff]
[    0.000000] ACPI: Early table checksum verification disabled
[    0.000000] ACPI: RSDP 0x00000000000E0000 000024 (v02 VBOX  )
[    0.000000] ACPI: XSDT 0x000000002CFF0030 00003C (v01 VBOX   VBOXXSDT 00000001 ASL  00000061)
[    0.000000] ACPI: FACP 0x000000002CFF00F0 0000F4 (v04 VBOX   VBOXFACP 00000001 ASL  00000061)
[    0.000000] ACPI: DSDT 0x000000002CFF0470 0021FF (v02 VBOX   VBOXBIOS 00000002 INTL 20180105)
[    0.000000] ACPI: FACS 0x000000002CFF0200 000040
[    0.000000] ACPI: FACS 0x000000002CFF0200 000040
[    0.000000] ACPI: APIC 0x000000002CFF0240 000054 (v02 VBOX   VBOXAPIC 00000001 ASL  00000061)
[    0.000000] ACPI: SSDT 0x000000002CFF02A0 0001CC (v01 VBOX   VBOXCPUT 00000002 INTL 20180105)
[    0.000000] No NUMA configuration found
[    0.000000] Faking a node at [mem 0x0000000000000000-0x000000002cfeffff]
[    0.000000] NODE_DATA(0) allocated [mem 0x2cfeb000-0x2cfeffff]
[    0.000000] kvm-clock: Using msrs 4b564d01 and 4b564d00
[    0.000000] kvm-clock: cpu 0, msr 0:2cfe3001, primary cpu clock
[    0.000000] kvm-clock: using sched offset of 7481126231 cycles
[    0.000000] clocksource: kvm-clock: mask: 0xffffffffffffffff max_cycles: 0x1cd42e4dffb, max_idle_ns: 881590591483 ns
[    0.000000] Zone ranges:
[    0.000000]   DMA      [mem 0x0000000000001000-0x0000000000ffffff]
[    0.000000]   DMA32    [mem 0x0000000001000000-0x000000002cfeffff]
[    0.000000]   Normal   empty
[    0.000000]   Device   empty
[    0.000000] Movable zone start for each node
[    0.000000] Early memory node ranges
[    0.000000]   node   0: [mem 0x0000000000001000-0x000000000009efff]
[    0.000000]   node   0: [mem 0x0000000000100000-0x000000002cfeffff]
[    0.000000] Initmem setup node 0 [mem 0x0000000000001000-0x000000002cfeffff]
[    0.000000] ACPI: PM-Timer IO Port: 0x4008
[    0.000000] IOAPIC[0]: apic_id 1, version 32, address 0xfec00000, GSI 0-23
[    0.000000] ACPI: INT_SRC_OVR (bus 0 bus_irq 0 global_irq 2 dfl dfl)
[    0.000000] ACPI: INT_SRC_OVR (bus 0 bus_irq 9 global_irq 9 low level)
[    0.000000] Using ACPI (MADT) for SMP configuration information
[    0.000000] smpboot: Allowing 1 CPUs, 0 hotplug CPUs
[    0.000000] PM: Registered nosave memory: [mem 0x00000000-0x00000fff]
[    0.000000] PM: Registered nosave memory: [mem 0x0009f000-0x0009ffff]
[    0.000000] PM: Registered nosave memory: [mem 0x000a0000-0x000effff]
[    0.000000] PM: Registered nosave memory: [mem 0x000f0000-0x000fffff]
[    0.000000] e820: [mem 0x2d000000-0xfebfffff] available for PCI devices
[    0.000000] Booting paravirtualized kernel on KVM
[    0.000000] clocksource: refined-jiffies: mask: 0xffffffff max_cycles: 0xffffffff, max_idle_ns: 7645519600211568 ns
[    0.000000] setup_percpu: NR_CPUS:512 nr_cpumask_bits:512 nr_cpu_ids:1 nr_node_ids:1
[    0.000000] PERCPU: Embedded 34 pages/cpu @ffff88002cc00000 s99544 r8192 d31528 u2097152
[    0.000000] Built 1 zonelists in Node order, mobility grouping on.  Total pages: 181304
[    0.000000] Policy zone: DMA32
[    0.000000] Kernel command line: BOOT_IMAGE=/boot/vmlinuz-4.4.0-159-generic root=LABEL=cloudimg-rootfs ro console=tty1 console=ttyS0
[    0.000000] PID hash table entries: 4096 (order: 3, 32768 bytes)
[    0.000000] Memory: 690660K/736824K available (8618K kernel code, 1335K rwdata, 4032K rodata, 1488K init, 1284K bss, 46164K reserved, 0K cma-reserved)
[    0.000000] SLUB: HWalign=64, Order=0-3, MinObjects=0, CPUs=1, Nodes=1
[    0.000000] Kernel/User page tables isolation: enabled
[    0.000000] Hierarchical RCU implementation.
[    0.000000] 	Build-time adjustment of leaf fanout to 64.
[    0.000000] 	RCU restricting CPUs from NR_CPUS=512 to nr_cpu_ids=1.
[    0.000000] RCU: Adjusting geometry for rcu_fanout_leaf=64, nr_cpu_ids=1
[    0.000000] NR_IRQS:33024 nr_irqs:256 16
[    0.000000] Console: colour VGA+ 80x25
[    0.000000] console [tty1] enabled
[    0.000000] console [ttyS0] enabled
[    0.000000] tsc: Detected 2992.498 MHz processor
[    0.521642] Calibrating delay loop (siipped) preset value.. 5984.99 BogoMIPS (lpj=11969992)
[    0.613509] pid_max: default: 32768 minimum: 301
[    0.615086] ACPI: Core revision 20150930
[    0.617812] ACPI: 2 ACPI AML tables successfully acquired and loaded
[    0.620038] Security Framework initialized
[    0.621526] Yama: becoming mindful.
[    0.622952] AppArmor: AppArmor initialized
[    0.624591] Dentry cache hash table entries: 131072 (order: 8, 1048576 bytes)
[    0.627106] Inode-cache hash table entries: 65536 (order: 7, 524288 bytes)
[    0.629384] Mount-cache hash table entries: 2048 (order: 2, 16384 bytes)
[    0.631481] Mountpoint-cache hash table entries: 2048 (order: 2, 16384 bytes)
[    0.699852] Initializing cgroup subsys io
[    0.701310] Initializing cgroup subsys memory
[    0.702863] Initializing cgroup subsys devices
[    0.713576] Initializing cgroup subsys freezer
[    0.715114] Initializing cgroup subsys net_cls
[    0.716682] Initializing cgroup subsys perf_event
[    0.718278] Initializing cgroup subsys net_prio
[    0.719865] Initializing cgroup subsys hugetlb
[    0.721400] Initializing cgroup subsys pids
[    0.723045] mce: CPU supports 0 MCE banks
[    0.724525] process: using mwait in idle threads
[    0.726144] Last level iTLB entries: 4KB 128, 2MB 4, 4MB 4
[    0.727915] Last level dTLB entries: 4KB 256, 2MB 0, 4MB 32, 1GB 0
[    0.729878] Spectre V1 : Mitigation: usercopy/swapgs barriers and __user pointer sanitization
[    0.732813] Spectre V2 : Mitigation: Full generic retpoline
[    0.734629] Spectre V2 : Spectre v2 / SpectreRSB mitigation: Filling RSB on context switch
[    0.737480] Speculative Store Bypass: Vulnerable
[    0.739808] MDS: Vulnerable: Clear CPU buffers attempted, no microcode
[    1.371924] Freeing SMP alternatives memory: 36K
[    1.422160] ftrace: allocating 32318 entries in 127 pages
[    1.546327] smpboot: APIC(0) Converting physical 0 to logical package 0
[    1.564099] smpboot: Max logical packages: 1
[    1.566187] x2apic enabled
[    1.567856] Switched APIC routing to physical x2apic.
[    1.636333] ..TIMER: vector=0x30 apic1=0 pin1=2 apic2=-1 pin2=-1
[    1.653407] APIC calibration not consistent with PM-Timer: 192ms instead of 100ms
[    1.656081] APIC delta adjusted to PM-Timer: 6249998 (12000683)
[    1.658030] smpboot: CPU0: Intel(R) Core(TM)2 Duo CPU     E8400  @ 3.00GHz (family: 0x6, model: 0x17, stepping: 0xa)
[    1.661697] Performance Events: unsupported p6 CPU model 23 no PMU driver, software events only.
[    1.867037] KVM setup paravirtual spinlock
[    1.869980] x86: Booted up 1 node, 1 CPUs
[    1.871433] smpboot: Total of 1 processors activated (5984.99 BogoMIPS)
[    1.873951] devtmpfs: initialized
[    1.877614] evm: security.selinux
[    1.878912] evm: security.SMACK64
[    1.880188] evm: security.SMACK64EXEC
[    1.881554] evm: security.SMACK64TRANSMUTE
[    1.883035] evm: security.SMACK64MMAP
[    1.884396] evm: security.ima
[    1.885585] evm: security.capability
[    1.887074] clocksource: jiffies: mask: 0xffffffff max_cycles: 0xffffffff, max_idle_ns: 7645041785100000 ns
[    1.890313] futex hash table entries: 256 (order: 2, 16384 bytes)
[    1.892358] pinctrl core: initialized pinctrl subsystem
[    1.944955] RTC time: 16:29:01, date: 08/23/19
[    1.946775] NET: Registered protocol family 16
[    1.948583] cpuidle: using governor ladder
[    1.950044] cpuidle: using governor menu
[    1.951477] PCCT header not found.
[    1.952813] ACPI: bus type PCI registered
[    1.983420] acpiphp: ACPI Hot Plug PCI Controller Driver version: 0.5
[    1.985528] PCI: Using configuration type 1 for base access
[    1.988864] ACPI: Added _OSI(Module Device)
[    1.990363] ACPI: Added _OSI(Processor Device)
[    1.991889] ACPI: Added _OSI(3.0 _SCP Extensions)
[    1.993512] ACPI: Added _OSI(Processor Aggregator Device)
[    2.046719] ACPI: Executed 1 blocks of module-level executable AML code
[    2.051253] ACPI: Interpreter enabled
[    2.052621] ACPI: (supports S0 S5)
[    2.053937] ACPI: Using IOAPIC for interrupt routing
[    2.055763] PCI: Using host bridge windows from ACPI; if necessary, use "pci=nocrs" and report a bug
[    2.063286] ACPI: PCI Root Bridge [PCI0] (domain 0000 [bus 00-ff])
[    2.065214] acpi PNP0A03:00: _OSC: OS supports [ASPM ClockPM Segments MSI]
[    2.067327] acpi PNP0A03:00: _OSC: not requesting OS control; OS requires [ExtendedConfig ASPM ClockPM MSI]
[    2.070524] acpi PNP0A03:00: fail to add MMCONFIG information, can't access extended PCI configuration space under this bridge.
[    2.074474] PCI host bridge to bus 0000:00
[    2.075932] pci_bus 0000:00: root bus resource [io  0x0000-0x0cf7 window]
[    2.078022] pci_bus 0000:00: root bus resource [io  0x0d00-0xffff window]
[    2.080082] pci_bus 0000:00: root bus resource [mem 0x000a0000-0x000bffff window]
[    2.149259] pci_bus 0000:00: root bus resource [mem 0x2d000000-0xfdffffff window]
[    2.151931] pci_bus 0000:00: root bus resource [bus 00-ff]
[    2.156061] pci 0000:00:01.1: legacy IDE quirk: reg 0x10: [io  0x01f0-0x01f7]
[    2.158215] pci 0000:00:01.1: legacy IDE quirk: reg 0x14: [io  0x03f6]
[    2.160225] pci 0000:00:01.1: legacy IDE quirk: reg 0x18: [io  0x0170-0x0177]
[    2.162404] pci 0000:00:01.1: legacy IDE quirk: reg 0x1c: [io  0x0376]
[    2.185316] pci 0000:00:07.0: quirk: [io  0x4000-0x403f] claimed by PIIX4 ACPI
[    2.188070] pci 0000:00:07.0: quirk: [io  0x4100-0x410f] claimed by PIIX4 SMB
[    2.252846] ACPI: PCI Interrupt Link [LNKA] (IRQs 5 9 10 *11)
[    2.286277] ACPI: PCI Interrupt Link [LNKB] (IRQs 5 9 *10 11)
[    2.288798] ACPI: PCI Interrupt Link [LNKC] (IRQs 5 *9 10 11)
[    2.291320] ACPI: PCI Interrupt Link [LNKD] (IRQs 5 9 10 *11)
[    2.354603] ACPI: Enabled 2 GPEs in block 00 to 07
[    2.357145] vgaarb: setting as boot device: PCI:0000:00:02.0
[    2.358962] vgaarb: device added: PCI:0000:00:02.0,decodes=io+mem,owns=io+mem,locks=none
[    2.361794] vgaarb: loaded
[    2.372960] vgaarb: bridge control possible 0000:00:02.0
[    2.375313] SCSI subsystem initialized
[    2.377097] ACPI: bus type USB registered
[    2.378622] usbcore: registered new interface driver usbfs
[    2.383504] usbcore: registered new interface driver hub
[    2.400255] usbcore: registered new device driver usb
[    2.402990] PCI: Using ACPI for IRQ routing
[    2.405812] NetLabel: Initializing
[    2.407703] NetLabel:  domain hash size = 128
[    2.455517] NetLabel:  protocols = UNLABELED CIPSOv4
[    2.457250] NetLabel:  unlabeled traffic allowed by default
[    2.461992] amd_nb: Cannot enumerate AMD northbridges
[    2.465029] clocksource: Switched to clocksource kvm-clock
[    2.495411] AppArmor: AppArmor Filesystem Enabled
[    2.559298] pnp: PnP ACPI init
[    2.562111] pnp: PnP ACPI: found 3 devices
[    2.571302] clocksource: acpi_pm: mask: 0xffffff max_cycles: 0xffffff, max_idle_ns: 2085701024 ns
[    2.574450] NET: Registered protocol family 2
[    2.576436] TCP established hash table entries: 8192 (order: 4, 65536 bytes)
[    2.578665] TCP bind hash table entries: 8192 (order: 5, 131072 bytes)
[    2.580713] TCP: Hash tables configured (established 8192 bind 8192)
[    2.582829] UDP hash table entries: 512 (order: 2, 16384 bytes)
[    2.584746] UDP-Lite hash table entries: 512 (order: 2, 16384 bytes)
[    2.586846] NET: Registered protocol family 1
[    2.588397] pci 0000:00:00.0: Limiting direct PCI/PCI transfers
[    2.590328] pci 0000:00:01.0: Activating ISA DMA hang workarounds
[    2.592496] Unpacking initramfs...
[    3.083488] Freeing initrd memory: 14832K
[    3.178735] clocksource: tsc: mask: 0xffffffffffffffff max_cycles: 0x2b2296bc2b9, max_idle_ns: 440795321505 ns
[    3.182169] platform rtc_cmos: registered platform RTC device (no PNP device found)
[    3.185009] Scanning for low memory corruption every 60 seconds
[    3.187372] audit: initializing netlink subsys (disabled)
[    3.189194] audit: type=2000 audit(1566577750.117:1): initialized
[    3.191584] Initialise system trusted keyring
[    3.203325] HugeTLB registered 2 MB page size, pre-allocated 0 pages
[    3.207030] zbud: loaded
[    3.208479] VFS: Disk quotas dquot_6.6.0
[    3.210029] VFS: Dquot-cache hash table entries: 512 (order 0, 4096 bytes)
[    3.212531] squashfs: version 4.0 (2009/01/31) Phillip Lougher
[    3.215571] fuse init (API version 7.23)
[    3.217189] Key type big_key registered
[    3.218689] Allocating IMA MOK and blacklist keyrings.
[    3.220901] Key type asymmetric registered
[    3.222448] Asymmetric key parser 'x509' registered
[    3.224150] Block layer SCSI generic (bsg) driver version 0.4 loaded (major 249)
[    3.226958] io scheduler noop registered
[    3.278904] io scheduler deadline registered (default)
[    3.280686] io scheduler cfq registered
[    3.282324] pci_hotplug: PCI Hot Plug PCI Core version: 0.5
[    3.284164] pciehp: PCI Express Hot Plug Controller Driver version: 0.4
[    3.286458] ACPI: AC Adapter [AC] (on-line)
[    3.288045] input: Power Button as /devices/LNXSYSTM:00/LNXPWRBN:00/input/input0
[    3.290794] ACPI: Power Button [PWRF]
[    3.292297] input: Sleep Button as /devices/LNXSYSTM:00/LNXSLPBN:00/input/input1
[    3.295052] ACPI: Sleep Button [SLPF]
[    3.296629] GHES: HEST is not enabled!
[    3.298300] Serial: 8250/16550 driver, 32 ports, IRQ sharing enabled
[    3.323667] 00:02: ttyS0 at I/O 0x3f8 (irq = 4, base_baud = 115200) is a 16550A
[    3.385719] Linux agpgart interface v0.103
[    3.388651] loop: module loaded
[    3.390710] scsi host0: ata_piix
[    3.392109] scsi host1: ata_piix
[    3.393407] ata1: PATA max UDMA/33 cmd 0x1f0 ctl 0x3f6 bmdma 0xd000 irq 14
[    3.395530] ata2: PATA max UDMA/33 cmd 0x170 ctl 0x376 bmdma 0xd008 irq 15
[    3.398345] libphy: Fixed MDIO Bus: probed
[    3.399810] tun: Universal TUN/TAP device driver, 1.6
[    3.401475] tun: (C) 1999-2004 Max Krasnyansky <maxk@qualcomm.com>
[    3.413496] PPP generic driver version 2.4.2
[    3.415080] ehci_hcd: USB 2.0 'Enhanced' Host Controller (EHCI) Driver
[    3.417090] ehci-pci: EHCI PCI platform driver
[    3.418682] ehci-platform: EHCI generic platform driver
[    3.420392] ohci_hcd: USB 1.1 'Open' Host Controller (OHCI) Driver
[    3.423576] ohci-pci: OHCI PCI platform driver
[    3.425135] ohci-platform: OHCI generic platform driver
[    3.426893] uhci_hcd: USB Universal Host Controller Interface driver
[    3.428935] i8042: PNP: PS/2 Controller [PNP0303:PS2K,PNP0f03:PS2M] at 0x60,0x64 irq 1,12
[    3.488296] serio: i8042 KBD port at 0x60,0x64 irq 1
[    3.500268] serio: i8042 AUX port at 0x60,0x64 irq 12
[    3.502890] mousedev: PS/2 mouse device common for all mice
[    3.506148] input: AT Translated Set 2 keyboard as /devices/platform/i8042/serio0/input/input2
[    3.511577] rtc_cmos rtc_cmos: rtc core: registered rtc_cmos as rtc0
[    3.515246] rtc_cmos rtc_cmos: alarms up to one day, 114 bytes nvram
[    3.518513] i2c /dev entries driver
[    3.520661] device-mapper: uevent: version 1.0.3
[    3.523396] device-mapper: ioctl: 4.34.0-ioctl (2015-10-28) initialised: dm-devel@redhat.com
[    3.528259] ledtrig-cpu: registered to indicate activity on CPUs
[    3.531932] NET: Registered protocol family 10
[    3.534921] NET: Registered protocol family 17
[    3.537476] Key type dns_resolver registered
[    3.540634] registered taskstats version 1
[    3.544392] Loading compiled-in X.509 certificates
[    3.548850] Loaded X.509 cert 'Build time autogenerated kernel key: d14182f9795b80ec340f636a5a08bf5817ccd8e7'
[    3.552680] zswap: loaded using pool lzo/zbud
[    3.601507] Key type trusted registered
[    3.636902] Key type encrypted registered
[    3.638464] AppArmor: AppArmor sha1 policy hashing enabled
[    3.695891] ima: No TPM chip found, activating TPM-bypass!
[    3.697666] ima: Allocated hash algorithm: sha1
[    3.699284] evm: HMAC attrs: 0x1
[    3.700895]   Magic number: 15:364:490
[    3.702409] rtc_cmos rtc_cmos: setting system clock to 2019-08-23 16:29:03 UTC (1566577743)
[    3.705367] BIOS EDD facility v0.16 2004-Jun-25, 0 devices found
[    3.707292] EDD information not available.
[    3.713767] Freeing unused kernel memory: 1488K
[    3.725066] Write protecting the kernel read-only data: 14336k
[    3.739288] Freeing unused kernel memory: 1608K
[    3.741154] Freeing unused kernel memory: 64K
Loading, please wait...
starting version 229
[    4.023427] random: systemd-udevd: uninitialized urandom read (16 bytes read, 4 bits of entropy available)
[    4.027305] random: systemd-udevd: uninitialized urandom read (16 bytes read, 4 bits of entropy available)
[    4.030576] random: systemd-udevd: uninitialized urandom read (16 bytes read, 4 bits of entropy available)
[    4.033969] random: udevadm: uninitialized urandom read (16 bytes read, 4 bits of entropy available)
[    4.044902] random: systemd-udevd: uninitialized urandom read (16 bytes read, 4 bits of entropy available)
[    4.050860] random: udevadm: uninitialized urandom read (16 bytes read, 4 bits of entropy available)
[    4.153130] random: systemd-udevd: uninitialized urandom read (16 bytes read, 4 bits of entropy available)
[    4.211388] random: systemd-udevd: uninitialized urandom read (16 bytes read, 4 bits of entropy available)
[    4.214639] random: systemd-udevd: uninitialized urandom read (16 bytes read, 4 bits of entropy available)
[    4.219609] random: systemd-udevd: uninitialized urandom read (16 bytes read, 4 bits of entropy available)
[    4.975724] e1000: Intel(R) PRO/1000 Network Driver - version 7.3.21-k8-NAPI
[    5.039824] e1000: Copyright (c) 1999-2006 Intel Corporation.
[    5.061256] Fusion MPT base driver 3.04.20
[    5.073463] Copyright (c) 1999-2008 LSI Corporation
[    5.158562] Fusion MPT SPI Host driver 3.04.20
[    5.363948] input: ImExPS/2 Generic Explorer Mouse as /devices/platform/i8042/serio1/input/input4
[    5.486627] mptbase: ioc0: Initiating bringup
[    5.672436] ioc0: LSI53C1030 A0: Capabilities={Initiator}
[    5.858647] scsi host2: ioc0: LSI53C1030 A0, FwRev=00000000h, Ports=1, MaxQ=256, IRQ=20
[    5.975118] scsi 2:0:0:0: Direct-Access     VBOX     HARDDISK         1.0  PQ: 0 ANSI: 5
[    5.984840] scsi target2:0:0: Beginning Domain Validation
[    5.994102] scsi target2:0:0: Domain Validation skipping write tests
[    5.996104] scsi target2:0:0: Ending Domain Validation
[    5.997865] scsi target2:0:0: asynchronous
[    5.999755] scsi 2:0:1:0: Direct-Access     VBOX     HARDDISK         1.0  PQ: 0 ANSI: 5
[    6.002650] scsi target2:0:1: Beginning Domain Validation
[    6.005365] scsi target2:0:1: Domain Validation skipping write tests
[    6.007381] scsi target2:0:1: Ending Domain Validation
[    6.014011] scsi target2:0:1: asynchronous
[    6.283622] sd 2:0:0:0: Attached scsi generic sg0 type 0
[    6.285483] sd 2:0:0:0: [sda] 20971520 512-byte logical blocks: (10.7 GB/10.0 GiB)
[    6.288809] sd 2:0:1:0: [sdb] 20480 512-byte logical blocks: (10.5 MB/10.0 MiB)
[    6.291637] sd 2:0:1:0: Attached scsi generic sg1 type 0
[    6.303753] sd 2:0:1:0: [sdb] Write Protect is off
[    6.305452] sd 2:0:0:0: [sda] Write Protect is off
[    6.307344] sd 2:0:1:0: [sdb] Incomplete mode parameter data
[    6.309221] sd 2:0:1:0: [sdb] Assuming drive cache: write through
[    6.384091] sd 2:0:0:0: [sda] Incomplete mode parameter data
[    6.386012] sd 2:0:0:0: [sda] Assuming drive cache: write through
[    6.402861]  sda: sda1
[    6.404903] sd 2:0:0:0: [sda] Attached SCSI disk
[    6.598811] sd 2:0:1:0: [sdb] Attached SCSI disk
[    7.074144] e1000 0000:00:03.0 eth0: (PCI:33MHz:32-bit) 02:6a:5b:40:72:6f
[    7.109479] e1000 0000:00:03.0 eth0: Intel(R) PRO/1000 Network Connection
[    7.116285] e1000 0000:00:03.0 enp0s3: renamed from eth0
Begin: Loading essential drivers ... [   10.292983] md: linear personality registered for level -1
[   10.374841] md: multipath personality registered for level -4
[   10.401413] md: raid0 personality registered for level 0
[   10.582189] md: raid1 personality registered for level 1
[   10.777750] raid6: sse2x1   gen()  3255 MB/s
[   10.882675] raid6: sse2x1   xor()  3125 MB/s
[   10.987714] raid6: sse2x2   gen()  5110 MB/s
[   11.092709] raid6: sse2x2   xor()  3819 MB/s
[   11.197716] raid6: sse2x4   gen()  6507 MB/s
[   11.302724] raid6: sse2x4   xor()  3207 MB/s
[   11.304284] raid6: using algorithm sse2x4 gen() 6507 MB/s
[   11.306045] raid6: .... xor() 3207 MB/s, rmw enabled
[   11.307701] raid6: using ssse3x2 recovery algorithm
[   11.342323] xor: measuring software checksum speed
[   11.542048]    prefetch64-sse: 30003.000 MB/sec
[   11.742045]    generic_sse: 26735.000 MB/sec
[   11.743545] xor: using function: prefetch64-sse (30003.000 MB/sec)
[   11.758884] async_tx: api initialized (async)
[   11.860443] md: raid6 personality registered for level 6
[   11.863453] md: raid5 personality registered for level 5
[   11.865202] md: raid4 personality registered for level 4
[   12.132804] md: raid10 personality registered for level 10
done.
Begin: Running /scripts/init-premount ... done.
Begin: Mounting root file system ... Begin: Running /scripts/local-top ... done.
Begin: Running /scripts/local-premount ... [   12.495335] Btrfs loaded
Scanning for Btrfs filesystems
done.
Warning: fsck not present, so skipping root file system
[   12.996457] EXT4-fs (sda1): mounted filesystem with ordered data mode. Opts: (null)
done.
Begin: Running /scripts/local-bottom ... done.
Begin: Running /scripts/init-bottom ... done.
[   13.536160] random: nonblocking pool is initialized
[   13.980627] systemd[1]: systemd 229 running in system mode. (+PAM +AUDIT +SELINUX +IMA +APPARMOR +SMACK +SYSVINIT +UTMP +LIBCRYPTSETUP +GCRYPT +GNUTLS +ACL +XZ -LZ4 +SECCOMP +BLKID +ELFUTILS +KMOD -IDN)
[   13.987693] systemd[1]: Detected virtualization oracle.
[   13.989426] systemd[1]: Detected architecture x86-64.

Welcome to [1mUbuntu 16.04.6 LTS[0m!

[   14.023032] systemd[1]: Set hostname to <ubuntu>.
[   14.042658] systemd[1]: Initializing machine ID from random generator.
[   14.044842] systemd[1]: Installed transient /etc/machine-id file.
[   15.303312] systemd[1]: Reached target System Time Synchronized.
[[0;32m  OK  [0m] Reached target System Time Synchronized.
[   15.336281] systemd[1]: Listening on LVM2 metadata daemon socket.
[[0;32m  OK  [0m] Listening on LVM2 metadata daemon socket.
[   15.346070] systemd[1]: Listening on Syslog Socket.
[[0;32m  OK  [0m] Listening on Syslog Socket.
[   15.349666] systemd[1]: Listening on udev Kernel Socket.
[[0;32m  OK  [0m] Listening on udev Kernel Socket.
[   15.353502] systemd[1]: Started Trigger resolvconf update for networkd DNS.
[[0;32m  OK  [0m] Started Trigger resolvconf update for networkd DNS.
[   15.357801] systemd[1]: Reached target User and Group Name Lookups.
[[0;32m  OK  [0m] Reached target User and Group Name Lookups.
[   15.361859] systemd[1]: Reached target Swap.
[[0;32m  OK  [0m] Reached target Swap.
[   15.375166] systemd[1]: Reached target Encrypted Volumes.
[[0;32m  OK  [0m] Reached target Encrypted Volumes.
[   15.434829] systemd[1]: Listening on LVM2 poll daemon socket.
[[0;32m  OK  [0m] Listening on LVM2 poll daemon socket.
[   15.439990] systemd[1]: Created slice System Slice.
[[0;32m  OK  [0m] Created slice System Slice.
[   15.444474] systemd[1]: Created slice system-serial\x2dgetty.slice.
[[0;32m  OK  [0m] Created slice system-serial\x2dgetty.slice.
[   15.448879] systemd[1]: Started Forward Password Requests to Wall Directory Watch.
[[0;32m  OK  [0m] Started Forward Password Requests to Wall Directory Watch.
[   15.454093] systemd[1]: Listening on /dev/initctl Compatibility Named Pipe.
[[0;32m  OK  [0m] Listening on /dev/initctl Compatibility Named Pipe.
[   15.458658] systemd[1]: Listening on Device-mapper event daemon FIFOs.
[[0;32m  OK  [0m] Listening on Device-mapper event daemon FIFOs.
[   15.463859] systemd[1]: Listening on udev Control Socket.
[[0;32m  OK  [0m] Listening on udev Control Socket.
[   15.467805] systemd[1]: Listening on Journal Audit Socket.
[[0;32m  OK  [0m] Listening on Journal Audit Socket.
[   15.533090] systemd[1]: Created slice User and Session Slice.
[[0;32m  OK  [0m] Created slice User and Session Slice.
[   15.537200] systemd[1]: Listening on Journal Socket (/dev/log).
[[0;32m  OK  [0m] Listening on Journal Socket (/dev/log).
[   15.546750] systemd[1]: Reached target Slices.
[[0;32m  OK  [0m] Reached target Slices.
[   15.554556] systemd[1]: Set up automount Arbitrary Executable File Formats File System Automount Point.
[[0;32m  OK  [0m] Set up automount Arbitrary Executab...ats File System Automount Point.
[   15.560516] systemd[1]: Listening on Journal Socket.
[[0;32m  OK  [0m] Listening on Journal Socket.
[   15.581333] systemd[1]: Starting Uncomplicated firewall...
         Starting Uncomplicated firewall...
[   15.605482] systemd[1]: Starting Journal Service...
         Starting Journal Service...
[   15.678070] systemd[1]: Mounting Huge Pages File System...
         Mounting Huge Pages File System...
[   15.768391] systemd[1]: Mounting POSIX Message Queue File System...
         Mounting POSIX Message Queue File System...
[   15.854710] systemd[1]: Starting Create list of required static device nodes for the current kernel...
         Starting Create list of required st... nodes for the current kernel...
[   15.970322] systemd[1]: Starting Set console keymap...
         Starting Set console keymap...
[   16.085385] systemd[1]: Mounting Debug File System...
         Mounting Debug File System...
[   16.167300] systemd[1]: Starting Monitoring of LVM2 mirrors, snapshots etc. using dmeventd or progress polling...
         Starting Monitoring of LVM2 mirrors... dmeventd or progress polling...
[   16.258286] systemd[1]: Starting Load Kernel Modules...
         Starting Load Kernel Modules...
[   16.464258] systemd[1]: Starting Remount Root and Kernel File Systems...
         Starting Remount Root and Kernel File Systems...
[   16.568518] systemd[1]: Starting Nameserver information manager...
         Starting Nameserver information manager...
[   16.709210] EXT4-fs (sda1): re-mounted. Opts: (null)
[   16.721538] Loading iSCSI transport class v2.0-870.
[   16.791082] systemd[1]: Mounted Huge Pages File System.
[[0;32m  OK  [0m] Mounted Huge Pages File System.
[   16.984389] systemd[1]: Mounted POSIX Message Queue File System.
[[0;32m  OK  [0m] Mounted POSIX Message Queue File System.
[   16.992162] systemd[1]: Mounted Debug File System.
[[0;32m  OK  [0m] Mounted Debug File System.
[   17.002490] systemd[1]: Started Journal Service.
[[0;32m  OK  [0m] Started Journal Service.
[[0;32m  OK  [0m] Started Uncomplicated firewall.
[[0;32m  OK  [0m] Started Create list of required sta...ce nodes for the current kernel.
[   17.116780] iscsi: registered transport (tcp)
[[0;32m  OK  [0m] Started Remount Root and Kernel File Systems.
[[0;32m  OK  [0m] Started Nameserver information manager.
[[0;32m  OK  [0m] Started Set console keymap.
[   17.941138] iscsi: registered transport (iser)
[[0;32m  OK  [0m] Started LVM2 metadata daemon.
         Starting Load/Save Random Seed...
         Starting udev Coldplug all Devices...
         Starting Create Static Device Nodes in /dev...
         Starting Flush Journal to Persistent Storage...
[[0;32m  OK  [0m] Started Load/Save Random Seed.
[[0;32m  OK  [0m] Started Load Kernel Modules.
         Starting Apply Kernel Variables...
         Mounting FUSE Control File System...
[[0;32m  OK  [0m] Mounted FUSE Control File System.
[   18.753657] systemd-journald[348]: Received request to flush runtime journal from PID 1
[[0;32m  OK  [0m] Started Flush Journal to Persistent Storage.
[[0;32m  OK  [0m] Started Create Static Device Nodes in /dev.
[[0;32m  OK  [0m] Started Apply Kernel Variables.
[[0;32m  OK  [0m] Started Monitoring of LVM2 mirrors,...ng dmeventd or progress polling.
[[0;32m  OK  [0m] Reached target Local File Systems (Pre).
[[0;32m  OK  [0m] Reached target Local File Systems.
         Starting Initial cloud-init job (pre-networking)...
         Starting LSB: AppArmor initialization...
         Starting Tell Plymouth To Write Out Runtime Data...
         Starting Commit a transient machine-id on disk...
         Starting Set console font and keymap...
         Starting udev Kernel Device Manager...
         Starting Create Volatile Files and Directories...
[[0;32m  OK  [0m] Started Commit a transient machine-id on disk.
[[0;32m  OK  [0m] Started Tell Plymouth To Write Out Runtime Data.
[[0;32m  OK  [0m] Started Create Volatile Files and Directories.
         Starting Update UTMP about System Boot/Shutdown...
[[0;32m  OK  [0m] Started Update UTMP about System Boot/Shutdown.
[[0;32m  OK  [0m] Started udev Coldplug all Devices.
[[0;32m  OK  [0m] Started udev Kernel Device Manager.
[[0;32m  OK  [0m] Started Dispatch Password Requests to Console Directory Watch.
[[0;32m  OK  [0m] Found device /dev/ttyS0.
[[0;32m  OK  [0m] Listening on Load/Save RF Kill Switch Status /dev/rfkill Watch.
[[0;32m  OK  [0m] Started LSB: AppArmor initialization.
[   32.582113] cloud-init[448]: Cloud-init v. 19.1-1-gbaa47854-0ubuntu1~16.04.1 running 'init-local' at Fri, 23 Aug 2019 16:29:29 +0000. Up 27.80 seconds.
[[0;32m  OK  [0m] Started Initial cloud-init job (pre-networking).
[[0;32m  OK  [0m] Reached target Network (Pre).
         Starting Raise network interfaces...
[[0;32m  OK  [0m] Started Set console font and keymap.
[[0;32m  OK  [0m] Created slice system-getty.slice.
[[0;32m  OK  [0m] Started Raise network interfaces.
         Starting Initial cloud-init job (metadata service crawler)...
[[0;32m  OK  [0m] Reached target Network.
[   44.968773] cloud-init[954]: Cloud-init v. 19.1-1-gbaa47854-0ubuntu1~16.04.1 running 'init' at Fri, 23 Aug 2019 16:29:42 +0000. Up 40.85 seconds.
[   45.008738] cloud-init[954]: ci-info: ++++++++++++++++++++++++++++++++++++++Net device info++++++++++++++++++++++++++++++++++++++
[   45.014079] cloud-init[954]: ci-info: +--------+------+----------------------------+---------------+--------+-------------------+
[   45.149880] cloud-init[954]: ci-info: | Device |  Up  |          Address           |      Mask     | Scope  |     Hw-Address    |
[   45.161164] cloud-init[954]: ci-info: +--------+------+----------------------------+---------------+--------+-------------------+
[   45.216065] cloud-init[954]: ci-info: | enp0s3 | True |         10.0.2.15          | 255.255.255.0 | global | 02:6a:5b:40:72:6f |
[   45.221414] cloud-init[954]: ci-info: | enp0s3 | True | fe80::6a:5bff:fe40:726f/64 |       .       |  link  | 02:6a:5b:40:72:6f |
[   45.224994] cloud-init[954]: ci-info: |   lo   | True |         127.0.0.1          |   255.0.0.0   |  host  |         .         |
[   45.228477] cloud-init[954]: ci-info: |   lo   | True |          ::1/128           |       .       |  host  |         .         |
[   45.426610] cloud-init[954]: ci-info: +--------+------+----------------------------+---------------+--------+-------------------+[[0;32m  OK  [0m] Started Initial cloud-init job (metadata service crawler).
[[0;32m  OK  [0m] 
[   45.444535] cloud-init[954]: ci-info: +++++++++++++++++++++++++++Route IPv4 info++++++++++++++++++++++++++++
Reached target System Initialization.
[   45.450321] cloud-init[954]: ci-info: +-------+-------------+----------+---------------+-----------+-------+
[   45.454842] cloud-init[954]: ci-info: | Route | Destination | Gateway  |    Genmask    | Interface | Flags |
[   45.459399] cloud-init[954]: ci-info: +-------+-------------+----------+---------------+-----------+-------+
[   45.463817] cloud-init[954]: ci-info: |   0   |   0.0.0.0   | 10.0.2.2 |    0.0.0.0    |   enp0s3  |   UG  |
[   45.468596] [[0;32m  OK  [0m] Started ACPI Events Check.
[[0;32m  OK  [0m] Reached target Paths.
cloud-init[954]: ci-info: |   1   |   10.0.2.0  | 0.0.0.0  | 255.255.255.0 |   enp0s3  |   U   |
         Starting LXD - unix socket.
[   45.484392] cloud-init[954]: ci-info: +-------+-------------+----------+---------------+-----------+-------+
[[0;32m  OK  [0m] Listening on UUID daemon activation socket.
[[0;32m  OK  [0m] Listening on D-Bus System Message Bus Socket.
[[   45.538673] cloud-init[954]: ci-info: +++++++++++++++++++Route IPv6 info+++++++++++++++++++
[   45.601266] cloud-init[954]: ci-info: +-------+-------------+---------+-----------+-------+
[   45.601607] cloud-init[954]: ci-info: | Route | Destination | Gateway | Interface | Flags |
[   45.601918] cloud-init[954]: ci-info: +-------+-------------+---------+-----------+-------+
[   45.602565] cloud-init[954]: ci-info: |   0   |  fe80::/64  |    ::   |   enp0s3  |   U   |
[   45.602887] cloud-init[954]: ci-info: |   4   |   ff00::/8  |    ::   |   enp0s3  |   U   |
[   45.603264] cloud-init[954]: ci-info: +-------+-------------+---------+-----------+-------+
[   45.603774] cloud-init[954]: Generating public/private rsa key pair.
[0;32m  OK  [0m] Started Daily Cleanup of Temporary Directories.
[   45.604243] [[0;32m  OK  [0m] Listening on ACPID Listen Socket.
cloud-init[954]: Your identification has been saved in /etc/ssh/ssh_host_rsa_key.
[   45.646345] cloud-init[954]: Your public key has been saved in /etc/ssh/ssh_host_rsa_key.pub.
[[0;32m  OK  [0m] Started Daily apt download activities.[   45.654187] cloud-init[954]: The key fingerprint is:
[   45.658504] cloud-init[954]: SHA256:kc1PSCU4VhyPxWb35jEwTiHmw9R1QgTJcJz9Z18ypsE root@ubuntu-xenial
[   45.660235] cloud-init[954]: The key's randomart image is:
[   45.660449] cloud-init[954]: +---[RSA 2048]----+

[   45.660660] [[0;32m  OK  [0m] Started Daily apt upgrade and clean activities.
[[0;32m  OK  [0m] Reached target Timers.
         Starting Socket activation for snappy daemon.
[[0;32m  OK  [0m] Reached target Cloud-config availability.
[[0;32m  OK  [0m] Reached target Network is Online.
cloud-init[954]: |         +*@*O*..|
         Starting iSCSI initiator daemon (iscsid)...
[   45.749728] cloud-init[954]: |        +=*BX=o..|
[[0;32m  OK  [0m] Listening on LXD - unix socket.
[[0;32m  OK  [0m] Listening on Socket activation for snappy daemon.
[   45.777102] cloud-init[954]: |       .o.=B=.oo |
[   45.796770] cloud-init[954]: |         . oE.+oB|
[   45.844746] cloud-init[954]: |        S   .+ **|
[[0;32m  OK  [0m] [   45.864798] cloud-init[954]: |            .   o|
Reached target Sockets.
[[0;32m  OK  [0m] Reached target Basic System.
[   45.880838] cloud-init[954]: |                 |
[   45.893727] cloud-init[954]: |                 |
[   45.906711] cloud-init[954]: |                 |[
[   45.938010] cloud-init[954]: +----[SHA256]-----+
[   45.938457] cloud-init[954]: Generating public/private dsa key pair.
[   45.938676] cloud-init[954]: Your identification has been saved in /etc/ssh/ssh_host_dsa_key.
[   45.938910] cloud-init[954]: Your public key has been saved in /etc/ssh/ssh_host_dsa_key.pub.
[   45.939188] cloud-init[954]: The key fingerprint is:
[   45.939874] cloud-init[954]: SHA256:BrcArse/AfiM+CbAtfed7DUh4P/DqkP4SRzZcIZ9ZM8 root@ubuntu-xenial
[   45.944619] cloud-init[954]: The key's randomart image is:
[   45.944858] cloud-init[954]: +---[DSA 1024]----+
[   45.945111] cloud-init[954]: |    .   o .o     |
[   45.945340] cloud-init[954]: |   . . o +..o    |
[   45.945651] cloud-init[954]: |    . o.B .  E   |
[   45.946039] cloud-init[954]: |   =  .*.o       |
[   45.946316] cloud-init[954]: |. + = o.S. .     |
[   45.946662] cloud-init[954]: |.o * = =. . .    |
[   45.946938] cloud-init[954]: |o . + B +.oo     |
[   45.947317] cloud-init[954]: |...    B +oo.    |
[   45.952381] cloud-init[954]: | o.   ..+o...    |
[   45.952659] cloud-init[954]: +----[SHA256]-----+
[   45.952961] cloud-init[954]: Generating public/private ecdsa key pair.
[   45.953231] cloud-init[954]: Your identification has been saved in /etc/ssh/ssh_host_ecdsa_key.
[   45.953503] cloud-init[954]: Your public key has been saved in /etc/ssh/ssh_host_ecdsa_key.pub.
[   45.953772] cloud-init[954]: The key fingerprint is:
[   45.954093] cloud-init[954]: SHA256:4vtcdsdG2395eQvsECd3Blw5IjRHKUmCeGLOEadl/Kk root@ubuntu-xenial
[   45.954368] cloud-init[954]: The key's randomart image is:
[   45.954636] cloud-init[954]: +---[ECDSA 256]---+
[   45.954885] cloud-init[954]: |     .++..o+oo...|
[   45.955226] cloud-init[954]: |     ==+  .++o.o |
[   45.955497] cloud-init[954]: |    +.+ . . oo. .|
[   45.955755] cloud-init[954]: |     o   o    .  |
[   45.956059] cloud-init[954]: |      . S  o o.o |
[   45.960289] cloud-init[954]: |     . E    *ooo |
[   45.960563] cloud-init[954]: |      .   o..o= +|
[   45.960860] cloud-init[954]: |       o o .oo.o=|
[   45.961224] cloud-init[954]: |      ..o    . .*|
[   45.961533] cloud-init[954]: +----[SHA256]-----+
[   45.961809] cloud-init[954]: Generating public/private ed25519 key pair.
[   45.962099] cloud-init[954]: Your identification has been saved in /etc/ssh/ssh_host_ed25519_key.
[   45.962524] cloud-init[954]: Your public key has been saved in /etc/ssh/ssh_host_ed25519_key.pub.
[   45.962806] cloud-init[954]: The key fingerprint is:
[   45.963913] cloud-init[954]: SHA256:0bDDDGGFSOPslcJIRAYfR0ZJQ/kFq0OEtbhOve2yMHQ root@ubuntu-xenial
[0;32m  OK  [0m] Started ACPI event daemon.
[   45.986737] cloud-init[954]: The key's randomart image is:
[   46.257313] cloud-init[954]: +--[ED25519 256]--+
[[0;32m  OK  [0m[   46.268511] cloud-init[954]: |.+*O&+==o        |
[   46.269085] cloud-init[954]: | +.@+=.*.+       |
[   46.269337] cloud-init[954]: |  + B.+.* .      |
[   46.269585] cloud-init[954]: |   = +.  o       |
[   46.269988] cloud-init[954]: |  + E   S        |
[   46.270452] cloud-init[954]: | + . +           |
[   46.270754] cloud-init[954]: |  + . .          |
[   46.271024] cloud-init[954]: |   o..           |
[   46.279211] cloud-init[954]: |    .o.          |
[   46.279669] cloud-init[954]: +----[SHA256]-----+
] Started FUSE filesystem for LXC.
         Starting Pollinate to seed the pseudo random number generator...
[[0;32m  OK  [0m] Started Regular background program processing daemon.
         Starting System Logging Service...
[[0;32m  OK  [0m] Started Deferred execution scheduler.
         Starting Accounts Service...
         Starting Virtualbox guest utils...
         Starting Login Service...
         Starting LSB: MD monitoring daemon...
         Starting /etc/rc.local Compatibility...
[[0;32m  OK  [0m] Started D-Bus System Message Bus.
         Starting Snappy daemon...
         Starting LSB: Record successful boot for GRUB...
         Starting LXD - container startup/shutdown...
[[0;32m  OK  [0m] Started System Logging Service.
[[0;32m  OK  [0m] Started /etc/rc.local Compatibility.
[[0;32m  OK  [0m] Started Login Service.
[[0;32m  OK  [0m] Started Unattended Upgrades Shutdown.
         Starting Authenticate and Authorize Users to Run Privileged Tasks...
[[0;32m  OK  [0m] Started iSCSI initiator daemon (iscsid).
         Starting Login to default iSCSI targets...
[[0;32m  OK  [0m] Started LSB: Record successful boot for GRUB.
[[0;32m  OK  [0m] Started LSB: MD monitoring daemon.
[[0;32m  OK  [0m] Started Authenticate and Authorize Users to Run Privileged Tasks.
[[0;32m  OK  [0m] Started Accounts Service.
[[0;32m  OK  [0m] Started Login to default iSCSI targets.
[[0;32m  OK  [0m] Reached target Remote File Systems (Pre).
[[0;32m  OK  [0m] Reached target Remote File Systems.
         Starting Permit User Sessions...
         Starting LSB: automatic crash report generation...
         Starting LSB: daemon to balance interrupts for SMP systems...
         Starting LSB: Set the CPU Frequency Scaling governor to "ondemand"...
[[0;32m  OK  [0m] Started Permit User Sessions.
         Starting Terminate Plymouth Boot Screen...
         Starting Hold until boot process finishes up...
[[0;32m  OK  [0m] Started Terminate Plymouth Boot Screen.
[[0;32m  OK  [0m] Started Hold until boot process finishes up.
[[0;32m  OK  [0m] Started Getty on tty1.
         Starting Set console scheme...
[[0;32m  OK  [0m] Started Serial Getty on ttyS0.
[[0;32m  OK  [0m] Reached target Login Prompts.
[[0;32m  OK  [0m] Started LXD - container startup/shutdown.
[[0;32m  OK  [0m] Started Set console scheme.
[[0;32m  OK  [0m] Started LSB: Set the CPU Frequency Scaling governor to "ondemand".
[[0;32m  OK  [0m] Started Virtualbox guest utils.
[[0;32m  OK  [0m] Started LSB: daemon to balance interrupts for SMP systems.
[[0;32m  OK  [0m] Started LSB: automatic crash report generation.
[[0;32m  OK  [0m] Started Snappy daemon.
         Starting Wait until snapd is fully seeded...
[[0;32m  OK  [0m] Started Pollinate to seed the pseudo random number generator.
         Starting OpenBSD Secure Shell server...
[[0;32m  OK  [0m] Started OpenBSD Secure Shell server.
[[0;32m  OK  [0m] Created slice User Slice of vagrant.
         Starting User Manager for UID 1000...
[[0;32m  OK  [0m] Started Session 1 of user vagrant.
[[0;32m  OK  [0m] Started User Manager for UID 1000.

Ubuntu 16.04.6 LTS ubuntu-xenial ttyS0

ubuntu-xenial login: [   65.681301] cloud-init[1425]: Generating locales (this might take a while)...
[   73.265068] cloud-init[1425]:   en_US.UTF-8... done
[   73.272605] cloud-init[1425]: Generation complete.
[   77.610998] cloud-init[1425]: Cloud-init v. 19.1-1-gbaa47854-0ubuntu1~16.04.1 running 'modules:config' at Fri, 23 Aug 2019 16:30:05 +0000. Up 64.27 seconds.
ci-info: no authorized ssh keys fingerprints found for user ubuntu.
<14>Aug 23 16:30:22 ec2: 
<14>Aug 23 16:30:22 ec2: #############################################################
<14>Aug 23 16:30:22 ec2: -----BEGIN SSH HOST KEY FINGERPRINTS-----
<14>Aug 23 16:30:22 ec2: 1024 SHA256:BrcArse/AfiM+CbAtfed7DUh4P/DqkP4SRzZcIZ9ZM8 root@ubuntu-xenial (DSA)
<14>Aug 23 16:30:22 ec2: 256 SHA256:4vtcdsdG2395eQvsECd3Blw5IjRHKUmCeGLOEadl/Kk root@ubuntu-xenial (ECDSA)
<14>Aug 23 16:30:22 ec2: 256 SHA256:0bDDDGGFSOPslcJIRAYfR0ZJQ/kFq0OEtbhOve2yMHQ root@ubuntu-xenial (ED25519)
<14>Aug 23 16:30:22 ec2: 2048 SHA256:kc1PSCU4VhyPxWb35jEwTiHmw9R1QgTJcJz9Z18ypsE root@ubuntu-xenial (RSA)
<14>Aug 23 16:30:22 ec2: -----END SSH HOST KEY FINGERPRINTS-----
<14>Aug 23 16:30:22 ec2: #############################################################
-----BEGIN SSH HOST KEY KEYS-----
ecdsa-sha2-nistp256 AAAAE2VjZHNhLXNoYTItbmlzdHAyNTYAAAAIbmlzdHAyNTYAAABBBO5e5gT2KmzqqHZcLzpHbIl3kH9IogJ5SHWvLvkU2/SqVB5xvJLUnmgA5NKcThONjmJUED0VQfsoS8HhFTJdk8s= root@ubuntu-xenial
ssh-ed25519 AAAAC3NzaC1lZDI1NTE5AAAAIDC+fKQ96sB4Qrob+3dhlFA7esVn6jv+saUDPFuLZMuT root@ubuntu-xenial
ssh-rsa AAAAB3NzaC1yc2EAAAADAQABAAABAQC6SGaeoTY57b/7AJ3y/7jME7reOGiAfuX7SVZV06sxO7WDhZ3I/MadwLNr7c5Eb5tQU2MYTzEH+IGEkniNgxdI5BhjuID/PPaxx2usdKGfEW69p+jD63f8sH9J9xgLPfNA9aYZVhFcLC9oe/851ymFyTa19k4cYK6AIpTMmELNh6OppHYeZqmKX4xxrvqjYpEfaAEkC9KzJVGqPCaMYKMQdJ2sa/zlvoLWo+og1TT9cxbQJg2OVp1vt6rwLvnyTdv9lCvwocvE4Xf9n4eQUOkdKH8l4BxuCdj9VBjNWMpBbiGWVcXNXI2tvOAUl9ON3PpI/dUEKdNls2FwT05guAaH root@ubuntu-xenial
-----END SSH HOST KEY KEYS-----
[   81.648723] cloud-init[1646]: Cloud-init v. 19.1-1-gbaa47854-0ubuntu1~16.04.1 running 'modules:final' at Fri, 23 Aug 2019 16:30:21 +0000. Up 80.10 seconds.
[   81.649868] cloud-init[1646]: ci-info: no authorized ssh keys fingerprints found for user ubuntu.
[   81.650433] cloud-init[1646]: Cloud-init v. 19.1-1-gbaa47854-0ubuntu1~16.04.1 finished at Fri, 23 Aug 2019 16:30:23 +0000. Datasource DataSourceNoCloud [seed=/dev/sdb][dsmode=net].  Up 81.47 seconds
